[     370ms] [INFO] %cDownload the React DevTools for a better development experience: https://react.dev/link/react-devtools font-weight:bold @ webpack-internal:///(app-pages-browser)/./node_modules/next/dist/compiled/react-dom/cjs/react-dom-client.development.js:24503
[     491ms] [WARNING] Image with src "/cover-example-1.jpg" was detected as the Largest Contentful Paint (LCP). Please add the "priority" property if this image is above the fold.
Read more: https://nextjs.org/docs/api-reference/next/image#priority @ webpack-internal:///(app-pages-browser)/./node_modules/next/dist/shared/lib/utils/warn-once.js:15
[    3443ms] [WARNING] The resource http://localhost:3000/_next/image?url=%2Fguillermo-ferla-Oze6U2m1oYU-unsplash.jpg&w=3840&q=75 was preloaded using link preload but not used within a few seconds from the window's load event. Please make sure it has an appropriate `as` value and it is preloaded intentionally. @ http://localhost:3000/:0
[   72500ms] [LOG] [Fast Refresh] rebuilding @ webpack-internal:///(app-pages-browser)/./node_modules/next/dist/client/components/react-dev-overlay/app/hot-reloader-client.js:240
[   72943ms] [LOG] [Fast Refresh] done in 444ms @ webpack-internal:///(app-pages-browser)/./node_modules/next/dist/client/components/react-dev-overlay/app/hot-reloader-client.js:67
[   75949ms] [WARNING] The resource http://localhost:3000/_next/image?url=%2Fguillermo-ferla-Oze6U2m1oYU-unsplash.jpg&w=3840&q=75 was preloaded using link preload but not used within a few seconds from the window's load event. Please make sure it has an appropriate `as` value and it is preloaded intentionally. @ http://localhost:3000/:0
[   97285ms] [LOG] [Fast Refresh] rebuilding @ webpack-internal:///(app-pages-browser)/./node_modules/next/dist/client/components/react-dev-overlay/app/hot-reloader-client.js:240
[   97582ms] [LOG] [Fast Refresh] done in 298ms @ webpack-internal:///(app-pages-browser)/./node_modules/next/dist/client/components/react-dev-overlay/app/hot-reloader-client.js:67
[  201044ms] [LOG] [Fast Refresh] rebuilding @ webpack-internal:///(app-pages-browser)/./node_modules/next/dist/client/components/react-dev-overlay/app/hot-reloader-client.js:240
[  201666ms] [LOG] [Fast Refresh] done in 621ms @ webpack-internal:///(app-pages-browser)/./node_modules/next/dist/client/components/react-dev-overlay/app/hot-reloader-client.js:67
[  204738ms] [LOG] [Fast Refresh] rebuilding @ webpack-internal:///(app-pages-browser)/./node_modules/next/dist/client/components/react-dev-overlay/app/hot-reloader-client.js:240
[  204932ms] [LOG] [Fast Refresh] done in 194ms @ webpack-internal:///(app-pages-browser)/./node_modules/next/dist/client/components/react-dev-overlay/app/hot-reloader-client.js:67
[  208544ms] [LOG] [Fast Refresh] rebuilding @ webpack-internal:///(app-pages-browser)/./node_modules/next/dist/client/components/react-dev-overlay/app/hot-reloader-client.js:240
[  208633ms] [LOG] [Fast Refresh] done in 89ms @ webpack-internal:///(app-pages-browser)/./node_modules/next/dist/client/components/react-dev-overlay/app/hot-reloader-client.js:67
[  224067ms] [LOG] [Fast Refresh] rebuilding @ webpack-internal:///(app-pages-browser)/./node_modules/next/dist/client/components/react-dev-overlay/app/hot-reloader-client.js:240
[  224503ms] [LOG] [Fast Refresh] done in 437ms @ webpack-internal:///(app-pages-browser)/./node_modules/next/dist/client/components/react-dev-overlay/app/hot-reloader-client.js:67
[  235254ms] [LOG] [Fast Refresh] rebuilding @ webpack-internal:///(app-pages-browser)/./node_modules/next/dist/client/components/react-dev-overlay/app/hot-reloader-client.js:240
[  235662ms] [LOG] [Fast Refresh] done in 409ms @ webpack-internal:///(app-pages-browser)/./node_modules/next/dist/client/components/react-dev-overlay/app/hot-reloader-client.js:67
[  235754ms] [WARNING] Skipping auto-scroll behavior due to `position: sticky` or `position: fixed` on element: JSHandle@node @ webpack-internal:///(app-pages-browser)/./node_modules/next/dist/client/components/layout-router.js:95
[  241069ms] [WARNING] Warning: Missing `Description` or `aria-describedby={undefined}` for {DialogContent}. @ webpack-internal:///(app-pages-browser)/./node_modules/@radix-ui/react-dialog/dist/index.mjs:476
[  241071ms] [WARNING] Warning: Missing `Description` or `aria-describedby={undefined}` for {DialogContent}. @ webpack-internal:///(app-pages-browser)/./node_modules/@radix-ui/react-dialog/dist/index.mjs:476
[  245378ms] [WARNING] Warning: Missing `Description` or `aria-describedby={undefined}` for {DialogContent}. @ webpack-internal:///(app-pages-browser)/./node_modules/@radix-ui/react-dialog/dist/index.mjs:476
[  245380ms] [WARNING] Warning: Missing `Description` or `aria-describedby={undefined}` for {DialogContent}. @ webpack-internal:///(app-pages-browser)/./node_modules/@radix-ui/react-dialog/dist/index.mjs:476
[  247075ms] [WARNING] Warning: Missing `Description` or `aria-describedby={undefined}` for {DialogContent}. @ webpack-internal:///(app-pages-browser)/./node_modules/@radix-ui/react-dialog/dist/index.mjs:476
[  247076ms] [WARNING] Warning: Missing `Description` or `aria-describedby={undefined}` for {DialogContent}. @ webpack-internal:///(app-pages-browser)/./node_modules/@radix-ui/react-dialog/dist/index.mjs:476
[  264674ms] [WARNING] Warning: Missing `Description` or `aria-describedby={undefined}` for {DialogContent}. @ webpack-internal:///(app-pages-browser)/./node_modules/@radix-ui/react-dialog/dist/index.mjs:476
[  264676ms] [WARNING] Warning: Missing `Description` or `aria-describedby={undefined}` for {DialogContent}. @ webpack-internal:///(app-pages-browser)/./node_modules/@radix-ui/react-dialog/dist/index.mjs:476
[  330940ms] [LOG] [Fast Refresh] rebuilding @ webpack-internal:///(app-pages-browser)/./node_modules/next/dist/client/components/react-dev-overlay/app/hot-reloader-client.js:240
[  331796ms] [WARNING] ./src/app/globals.scss.webpack[javascript/auto]!=!./node_modules/next/dist/build/webpack/loaders/css-loader/src/index.js??ruleSet[1].rules[13].oneOf[11].use[2]!./node_modules/next/dist/build/webpack/loaders/postcss-loader/src/index.js??ruleSet[1].rules[13].oneOf[11].use[3]!./node_modules/next/dist/build/webpack/loaders/resolve-url-loader/index.js??ruleSet[1].rules[13].oneOf[11].use[4]!./node_modules/next/dist/compiled/sass-loader/cjs.js??ruleSet[1].rules[13].oneOf[11].use[5]!./src/app/globals.scss
Deprecation The legacy JS API is deprecated and will be removed in Dart Sass 2.0.0.

More info: https://sass-lang.com/d/legacy-js-api

Import trace for requested module:
./src/app/globals.scss.webpack[javascript/auto]!=!./node_modules/next/dist/build/webpack/loaders/css-loader/src/index.js??ruleSet[1].rules[13].oneOf[11].use[2]!./node_modules/next/dist/build/webpack/loaders/postcss-loader/src/index.js??ruleSet[1].rules[13].oneOf[11].use[3]!./node_modules/next/dist/build/webpack/loaders/resolve-url-loader/index.js??ruleSet[1].rules[13].oneOf[11].use[4]!./node_modules/next/dist/compiled/sass-loader/cjs.js??ruleSet[1].rules[13].oneOf[11].use[5]!./src/app/globals.scss
./src/app/globals.scss @ webpack-internal:///(app-pages-browser)/./node_modules/next/dist/client/components/react-dev-overlay/app/hot-reloader-client.js:281
[  331796ms] [WARNING] ./src/app/globals.scss.webpack[javascript/auto]!=!./node_modules/next/dist/build/webpack/loaders/css-loader/src/index.js??ruleSet[1].rules[13].oneOf[11].use[2]!./node_modules/next/dist/build/webpack/loaders/postcss-loader/src/index.js??ruleSet[1].rules[13].oneOf[11].use[3]!./node_modules/next/dist/build/webpack/loaders/resolve-url-loader/index.js??ruleSet[1].rules[13].oneOf[11].use[4]!./node_modules/next/dist/compiled/sass-loader/cjs.js??ruleSet[1].rules[13].oneOf[11].use[5]!./src/app/globals.scss
Deprecation Warning on line 0, column 8 of file:///Users/ilmirsultanov/Projects/kidstartclub/front/src/app/globals.scss:0:8:
Sass @import rules are deprecated and will be removed in Dart Sass 3.0.0.

More info and automated migrator: https://sass-lang.com/d/import

0 | @import "../shared/theme/tokens.scss";

src/app/globals.scss 1:9  root stylesheet

Import trace for requested module:
./src/app/globals.scss.webpack[javascript/auto]!=!./node_modules/next/dist/build/webpack/loaders/css-loader/src/index.js??ruleSet[1].rules[13].oneOf[11].use[2]!./node_modules/next/dist/build/webpack/loaders/postcss-loader/src/index.js??ruleSet[1].rules[13].oneOf[11].use[3]!./node_modules/next/dist/build/webpack/loaders/resolve-url-loader/index.js??ruleSet[1].rules[13].oneOf[11].use[4]!./node_modules/next/dist/compiled/sass-loader/cjs.js??ruleSet[1].rules[13].oneOf[11].use[5]!./src/app/globals.scss
./src/app/globals.scss @ webpack-internal:///(app-pages-browser)/./node_modules/next/dist/client/components/react-dev-overlay/app/hot-reloader-client.js:281
[  331825ms] [LOG] [Fast Refresh] done in 886ms @ webpack-internal:///(app-pages-browser)/./node_modules/next/dist/client/components/react-dev-overlay/app/hot-reloader-client.js:67
[  355411ms] [LOG] [Fast Refresh] rebuilding @ webpack-internal:///(app-pages-browser)/./node_modules/next/dist/client/components/react-dev-overlay/app/hot-reloader-client.js:240
[  355753ms] [WARNING] ./src/app/globals.scss.webpack[javascript/auto]!=!./node_modules/next/dist/build/webpack/loaders/css-loader/src/index.js??ruleSet[1].rules[13].oneOf[11].use[2]!./node_modules/next/dist/build/webpack/loaders/postcss-loader/src/index.js??ruleSet[1].rules[13].oneOf[11].use[3]!./node_modules/next/dist/build/webpack/loaders/resolve-url-loader/index.js??ruleSet[1].rules[13].oneOf[11].use[4]!./node_modules/next/dist/compiled/sass-loader/cjs.js??ruleSet[1].rules[13].oneOf[11].use[5]!./src/app/globals.scss
Deprecation The legacy JS API is deprecated and will be removed in Dart Sass 2.0.0.

More info: https://sass-lang.com/d/legacy-js-api

Import trace for requested module:
./src/app/globals.scss.webpack[javascript/auto]!=!./node_modules/next/dist/build/webpack/loaders/css-loader/src/index.js??ruleSet[1].rules[13].oneOf[11].use[2]!./node_modules/next/dist/build/webpack/loaders/postcss-loader/src/index.js??ruleSet[1].rules[13].oneOf[11].use[3]!./node_modules/next/dist/build/webpack/loaders/resolve-url-loader/index.js??ruleSet[1].rules[13].oneOf[11].use[4]!./node_modules/next/dist/compiled/sass-loader/cjs.js??ruleSet[1].rules[13].oneOf[11].use[5]!./src/app/globals.scss
./src/app/globals.scss @ webpack-internal:///(app-pages-browser)/./node_modules/next/dist/client/components/react-dev-overlay/app/hot-reloader-client.js:281
[  355753ms] [WARNING] ./src/app/globals.scss.webpack[javascript/auto]!=!./node_modules/next/dist/build/webpack/loaders/css-loader/src/index.js??ruleSet[1].rules[13].oneOf[11].use[2]!./node_modules/next/dist/build/webpack/loaders/postcss-loader/src/index.js??ruleSet[1].rules[13].oneOf[11].use[3]!./node_modules/next/dist/build/webpack/loaders/resolve-url-loader/index.js??ruleSet[1].rules[13].oneOf[11].use[4]!./node_modules/next/dist/compiled/sass-loader/cjs.js??ruleSet[1].rules[13].oneOf[11].use[5]!./src/app/globals.scss
Deprecation Warning on line 0, column 8 of file:///Users/ilmirsultanov/Projects/kidstartclub/front/src/app/globals.scss:0:8:
Sass @import rules are deprecated and will be removed in Dart Sass 3.0.0.

More info and automated migrator: https://sass-lang.com/d/import

0 | @import "../shared/theme/tokens.scss";

src/app/globals.scss 1:9  root stylesheet

Import trace for requested module:
./src/app/globals.scss.webpack[javascript/auto]!=!./node_modules/next/dist/build/webpack/loaders/css-loader/src/index.js??ruleSet[1].rules[13].oneOf[11].use[2]!./node_modules/next/dist/build/webpack/loaders/postcss-loader/src/index.js??ruleSet[1].rules[13].oneOf[11].use[3]!./node_modules/next/dist/build/webpack/loaders/resolve-url-loader/index.js??ruleSet[1].rules[13].oneOf[11].use[4]!./node_modules/next/dist/compiled/sass-loader/cjs.js??ruleSet[1].rules[13].oneOf[11].use[5]!./src/app/globals.scss
./src/app/globals.scss @ webpack-internal:///(app-pages-browser)/./node_modules/next/dist/client/components/react-dev-overlay/app/hot-reloader-client.js:281
[  355792ms] [LOG] [Fast Refresh] done in 381ms @ webpack-internal:///(app-pages-browser)/./node_modules/next/dist/client/components/react-dev-overlay/app/hot-reloader-client.js:67
[  383299ms] [INFO] %cDownload the React DevTools for a better development experience: https://react.dev/link/react-devtools font-weight:bold @ webpack-internal:///(app-pages-browser)/./node_modules/next/dist/compiled/react-dom/cjs/react-dom-client.development.js:24503
[  383727ms] [WARNING] Image with src "/cover-example-2.jpg" was detected as the Largest Contentful Paint (LCP). Please add the "priority" property if this image is above the fold.
Read more: https://nextjs.org/docs/api-reference/next/image#priority @ webpack-internal:///(app-pages-browser)/./node_modules/next/dist/shared/lib/utils/warn-once.js:15
[  384298ms] [WARNING] Warning: Missing `Description` or `aria-describedby={undefined}` for {DialogContent}. @ webpack-internal:///(app-pages-browser)/./node_modules/@radix-ui/react-dialog/dist/index.mjs:476
[  384300ms] [WARNING] Warning: Missing `Description` or `aria-describedby={undefined}` for {DialogContent}. @ webpack-internal:///(app-pages-browser)/./node_modules/@radix-ui/react-dialog/dist/index.mjs:476
[  414722ms] [LOG] [Fast Refresh] rebuilding @ webpack-internal:///(app-pages-browser)/./node_modules/next/dist/client/components/react-dev-overlay/app/hot-reloader-client.js:240
[  415012ms] [LOG] [Fast Refresh] done in 290ms @ webpack-internal:///(app-pages-browser)/./node_modules/next/dist/client/components/react-dev-overlay/app/hot-reloader-client.js:67
[  415144ms] [LOG] [Fast Refresh] done in 422ms @ webpack-internal:///(app-pages-browser)/./node_modules/next/dist/client/components/react-dev-overlay/app/hot-reloader-client.js:67
[  415194ms] [LOG] [HMR] Detected local css modules. Reload all css @ webpack-internal:///(app-pages-browser)/./node_modules/next/dist/compiled/mini-css-extract-plugin/hmr/hotModuleReplacement.js:1
[  418704ms] [WARNING] The resource http://localhost:3000/_next/static/css/app/book-club/page.css?1776799342793 was preloaded using link preload but not used within a few seconds from the window's load event. Please make sure it has an appropriate `as` value and it is preloaded intentionally. @ http://localhost:3000/book-club:0
[  418705ms] [WARNING] The resource http://localhost:3000/_next/static/css/app/layout.css?1776799342793 was preloaded using link preload but not used within a few seconds from the window's load event. Please make sure it has an appropriate `as` value and it is preloaded intentionally. @ http://localhost:3000/book-club:0
[  421189ms] [LOG] [Fast Refresh] rebuilding @ webpack-internal:///(app-pages-browser)/./node_modules/next/dist/client/components/react-dev-overlay/app/hot-reloader-client.js:240
[  421519ms] [LOG] [Fast Refresh] done in 330ms @ webpack-internal:///(app-pages-browser)/./node_modules/next/dist/client/components/react-dev-overlay/app/hot-reloader-client.js:67
[  421568ms] [LOG] [HMR] Detected local css modules. Reload all css @ webpack-internal:///(app-pages-browser)/./node_modules/next/dist/compiled/mini-css-extract-plugin/hmr/hotModuleReplacement.js:1
[  426096ms] [WARNING] The resource http://localhost:3000/_next/static/css/app/book-club/page.css?1776799342793 was preloaded using link preload but not used within a few seconds from the window's load event. Please make sure it has an appropriate `as` value and it is preloaded intentionally. @ http://localhost:3000/book-club:0
[  426096ms] [WARNING] The resource http://localhost:3000/_next/static/css/app/layout.css?1776799342793 was preloaded using link preload but not used within a few seconds from the window's load event. Please make sure it has an appropriate `as` value and it is preloaded intentionally. @ http://localhost:3000/book-club:0
[  428818ms] [LOG] [Fast Refresh] rebuilding @ webpack-internal:///(app-pages-browser)/./node_modules/next/dist/client/components/react-dev-overlay/app/hot-reloader-client.js:240
[  428980ms] [LOG] [Fast Refresh] done in 162ms @ webpack-internal:///(app-pages-browser)/./node_modules/next/dist/client/components/react-dev-overlay/app/hot-reloader-client.js:67
[  429029ms] [LOG] [HMR] Detected local css modules. Reload all css @ webpack-internal:///(app-pages-browser)/./node_modules/next/dist/compiled/mini-css-extract-plugin/hmr/hotModuleReplacement.js:1
[  429210ms] [LOG] [Fast Refresh] rebuilding @ webpack-internal:///(app-pages-browser)/./node_modules/next/dist/client/components/react-dev-overlay/app/hot-reloader-client.js:240
[  429410ms] [LOG] [Fast Refresh] done in 199ms @ webpack-internal:///(app-pages-browser)/./node_modules/next/dist/client/components/react-dev-overlay/app/hot-reloader-client.js:67
[  429460ms] [LOG] [HMR] Detected local css modules. Reload all css @ webpack-internal:///(app-pages-browser)/./node_modules/next/dist/compiled/mini-css-extract-plugin/hmr/hotModuleReplacement.js:1
[  433167ms] [WARNING] The resource http://localhost:3000/_next/static/css/app/book-club/page.css?1776799342793 was preloaded using link preload but not used within a few seconds from the window's load event. Please make sure it has an appropriate `as` value and it is preloaded intentionally. @ http://localhost:3000/book-club:0
[  433167ms] [WARNING] The resource http://localhost:3000/_next/static/css/app/layout.css?1776799342793 was preloaded using link preload but not used within a few seconds from the window's load event. Please make sure it has an appropriate `as` value and it is preloaded intentionally. @ http://localhost:3000/book-club:0
[  443210ms] [WARNING] The resource http://localhost:3000/_next/static/css/app/book-club/page.css?1776799342793 was preloaded using link preload but not used within a few seconds from the window's load event. Please make sure it has an appropriate `as` value and it is preloaded intentionally. @ http://localhost:3000/book-club:0
[  443210ms] [WARNING] The resource http://localhost:3000/_next/static/css/app/layout.css?1776799342793 was preloaded using link preload but not used within a few seconds from the window's load event. Please make sure it has an appropriate `as` value and it is preloaded intentionally. @ http://localhost:3000/book-club:0
[ 1140890ms] [LOG] [Fast Refresh] rebuilding @ webpack-internal:///(app-pages-browser)/./node_modules/next/dist/client/components/react-dev-overlay/app/hot-reloader-client.js:240
[ 1141511ms] [WARNING] ./src/app/globals.scss.webpack[javascript/auto]!=!./node_modules/next/dist/build/webpack/loaders/css-loader/src/index.js??ruleSet[1].rules[13].oneOf[11].use[2]!./node_modules/next/dist/build/webpack/loaders/postcss-loader/src/index.js??ruleSet[1].rules[13].oneOf[11].use[3]!./node_modules/next/dist/build/webpack/loaders/resolve-url-loader/index.js??ruleSet[1].rules[13].oneOf[11].use[4]!./node_modules/next/dist/compiled/sass-loader/cjs.js??ruleSet[1].rules[13].oneOf[11].use[5]!./src/app/globals.scss
Deprecation The legacy JS API is deprecated and will be removed in Dart Sass 2.0.0.

More info: https://sass-lang.com/d/legacy-js-api

Import trace for requested module:
./src/app/globals.scss.webpack[javascript/auto]!=!./node_modules/next/dist/build/webpack/loaders/css-loader/src/index.js??ruleSet[1].rules[13].oneOf[11].use[2]!./node_modules/next/dist/build/webpack/loaders/postcss-loader/src/index.js??ruleSet[1].rules[13].oneOf[11].use[3]!./node_modules/next/dist/build/webpack/loaders/resolve-url-loader/index.js??ruleSet[1].rules[13].oneOf[11].use[4]!./node_modules/next/dist/compiled/sass-loader/cjs.js??ruleSet[1].rules[13].oneOf[11].use[5]!./src/app/globals.scss
./src/app/globals.scss @ webpack-internal:///(app-pages-browser)/./node_modules/next/dist/client/components/react-dev-overlay/app/hot-reloader-client.js:281
[ 1141512ms] [WARNING] ./src/app/globals.scss.webpack[javascript/auto]!=!./node_modules/next/dist/build/webpack/loaders/css-loader/src/index.js??ruleSet[1].rules[13].oneOf[11].use[2]!./node_modules/next/dist/build/webpack/loaders/postcss-loader/src/index.js??ruleSet[1].rules[13].oneOf[11].use[3]!./node_modules/next/dist/build/webpack/loaders/resolve-url-loader/index.js??ruleSet[1].rules[13].oneOf[11].use[4]!./node_modules/next/dist/compiled/sass-loader/cjs.js??ruleSet[1].rules[13].oneOf[11].use[5]!./src/app/globals.scss
Deprecation Warning on line 0, column 8 of file:///Users/ilmirsultanov/Projects/kidstartclub/front/src/app/globals.scss:0:8:
Sass @import rules are deprecated and will be removed in Dart Sass 3.0.0.

More info and automated migrator: https://sass-lang.com/d/import

0 | @import "../shared/theme/tokens.scss";

src/app/globals.scss 1:9  root stylesheet

Import trace for requested module:
./src/app/globals.scss.webpack[javascript/auto]!=!./node_modules/next/dist/build/webpack/loaders/css-loader/src/index.js??ruleSet[1].rules[13].oneOf[11].use[2]!./node_modules/next/dist/build/webpack/loaders/postcss-loader/src/index.js??ruleSet[1].rules[13].oneOf[11].use[3]!./node_modules/next/dist/build/webpack/loaders/resolve-url-loader/index.js??ruleSet[1].rules[13].oneOf[11].use[4]!./node_modules/next/dist/compiled/sass-loader/cjs.js??ruleSet[1].rules[13].oneOf[11].use[5]!./src/app/globals.scss
./src/app/globals.scss @ webpack-internal:///(app-pages-browser)/./node_modules/next/dist/client/components/react-dev-overlay/app/hot-reloader-client.js:281
[ 1141721ms] [LOG] [Fast Refresh] done in 833ms @ webpack-internal:///(app-pages-browser)/./node_modules/next/dist/client/components/react-dev-overlay/app/hot-reloader-client.js:67
[ 1145648ms] [WARNING] The resource http://localhost:3000/_next/static/css/app/book-club/page.css?1776799342793 was preloaded using link preload but not used within a few seconds from the window's load event. Please make sure it has an appropriate `as` value and it is preloaded intentionally. @ http://localhost:3000/book-club:0
[ 1145648ms] [WARNING] The resource http://localhost:3000/_next/static/css/app/layout.css?1776799342793 was preloaded using link preload but not used within a few seconds from the window's load event. Please make sure it has an appropriate `as` value and it is preloaded intentionally. @ http://localhost:3000/book-club:0
[ 1151416ms] [WARNING] The resource http://localhost:3000/_next/static/css/app/book-club/page.css?1776799342793 was preloaded using link preload but not used within a few seconds from the window's load event. Please make sure it has an appropriate `as` value and it is preloaded intentionally. @ http://localhost:3000/book-club:0
[ 1151417ms] [WARNING] The resource http://localhost:3000/_next/static/css/app/layout.css?1776799342793 was preloaded using link preload but not used within a few seconds from the window's load event. Please make sure it has an appropriate `as` value and it is preloaded intentionally. @ http://localhost:3000/book-club:0
[ 1179394ms] [WARNING] The resource http://localhost:3000/_next/static/css/app/book-club/page.css?1776799342793 was preloaded using link preload but not used within a few seconds from the window's load event. Please make sure it has an appropriate `as` value and it is preloaded intentionally. @ http://localhost:3000/book-club:0
[ 1179394ms] [WARNING] The resource http://localhost:3000/_next/static/css/app/layout.css?1776799342793 was preloaded using link preload but not used within a few seconds from the window's load event. Please make sure it has an appropriate `as` value and it is preloaded intentionally. @ http://localhost:3000/book-club:0
[ 1192271ms] [LOG] [Fast Refresh] rebuilding @ webpack-internal:///(app-pages-browser)/./node_modules/next/dist/client/components/react-dev-overlay/app/hot-reloader-client.js:240
[ 1192624ms] [LOG] [Fast Refresh] done in 353ms @ webpack-internal:///(app-pages-browser)/./node_modules/next/dist/client/components/react-dev-overlay/app/hot-reloader-client.js:67
[ 1195628ms] [WARNING] The resource http://localhost:3000/_next/static/css/app/book-club/page.css?1776799342793 was preloaded using link preload but not used within a few seconds from the window's load event. Please make sure it has an appropriate `as` value and it is preloaded intentionally. @ http://localhost:3000/book-club:0
[ 1195628ms] [WARNING] The resource http://localhost:3000/_next/static/css/app/layout.css?1776799342793 was preloaded using link preload but not used within a few seconds from the window's load event. Please make sure it has an appropriate `as` value and it is preloaded intentionally. @ http://localhost:3000/book-club:0
[ 1199140ms] [WARNING] The resource http://localhost:3000/_next/static/css/app/book-club/page.css?1776799342793 was preloaded using link preload but not used within a few seconds from the window's load event. Please make sure it has an appropriate `as` value and it is preloaded intentionally. @ http://localhost:3000/book-club:0
[ 1199140ms] [WARNING] The resource http://localhost:3000/_next/static/css/app/layout.css?1776799342793 was preloaded using link preload but not used within a few seconds from the window's load event. Please make sure it has an appropriate `as` value and it is preloaded intentionally. @ http://localhost:3000/book-club:0
[ 1205528ms] [WARNING] The resource http://localhost:3000/_next/static/css/app/book-club/page.css?1776799342793 was preloaded using link preload but not used within a few seconds from the window's load event. Please make sure it has an appropriate `as` value and it is preloaded intentionally. @ http://localhost:3000/book-club:0
[ 1205529ms] [WARNING] The resource http://localhost:3000/_next/static/css/app/layout.css?1776799342793 was preloaded using link preload but not used within a few seconds from the window's load event. Please make sure it has an appropriate `as` value and it is preloaded intentionally. @ http://localhost:3000/book-club:0
[ 1241742ms] [LOG] [Fast Refresh] rebuilding @ webpack-internal:///(app-pages-browser)/./node_modules/next/dist/client/components/react-dev-overlay/app/hot-reloader-client.js:240
[ 1242135ms] [LOG] [Fast Refresh] done in 393ms @ webpack-internal:///(app-pages-browser)/./node_modules/next/dist/client/components/react-dev-overlay/app/hot-reloader-client.js:67
[ 1250185ms] [WARNING] The resource http://localhost:3000/_next/static/css/app/book-club/page.css?1776799342793 was preloaded using link preload but not used within a few seconds from the window's load event. Please make sure it has an appropriate `as` value and it is preloaded intentionally. @ http://localhost:3000/book-club:0
[ 1250185ms] [WARNING] The resource http://localhost:3000/_next/static/css/app/layout.css?1776799342793 was preloaded using link preload but not used within a few seconds from the window's load event. Please make sure it has an appropriate `as` value and it is preloaded intentionally. @ http://localhost:3000/book-club:0
[ 1287224ms] [WARNING] The resource http://localhost:3000/_next/static/css/app/book-club/page.css?1776799342793 was preloaded using link preload but not used within a few seconds from the window's load event. Please make sure it has an appropriate `as` value and it is preloaded intentionally. @ http://localhost:3000/book-club:0
[ 1287224ms] [WARNING] The resource http://localhost:3000/_next/static/css/app/layout.css?1776799342793 was preloaded using link preload but not used within a few seconds from the window's load event. Please make sure it has an appropriate `as` value and it is preloaded intentionally. @ http://localhost:3000/book-club:0
[ 1306370ms] [LOG] [Fast Refresh] rebuilding @ webpack-internal:///(app-pages-browser)/./node_modules/next/dist/client/components/react-dev-overlay/app/hot-reloader-client.js:240
[ 1306624ms] [LOG] [Fast Refresh] done in 254ms @ webpack-internal:///(app-pages-browser)/./node_modules/next/dist/client/components/react-dev-overlay/app/hot-reloader-client.js:67
[ 1309525ms] [INFO] %cDownload the React DevTools for a better development experience: https://react.dev/link/react-devtools font-weight:bold @ webpack-internal:///(app-pages-browser)/./node_modules/next/dist/compiled/react-dom/cjs/react-dom-client.development.js:24503
[ 1309848ms] [WARNING] Image with src "/cover-example.jpg" was detected as the Largest Contentful Paint (LCP). Please add the "priority" property if this image is above the fold.
Read more: https://nextjs.org/docs/api-reference/next/image#priority @ webpack-internal:///(app-pages-browser)/./node_modules/next/dist/shared/lib/utils/warn-once.js:15
[ 1309864ms] [WARNING] Image with src "/cover-example-2.jpg" was detected as the Largest Contentful Paint (LCP). Please add the "priority" property if this image is above the fold.
Read more: https://nextjs.org/docs/api-reference/next/image#priority @ webpack-internal:///(app-pages-browser)/./node_modules/next/dist/shared/lib/utils/warn-once.js:15
[ 1310479ms] [WARNING] Warning: Missing `Description` or `aria-describedby={undefined}` for {DialogContent}. @ webpack-internal:///(app-pages-browser)/./node_modules/@radix-ui/react-dialog/dist/index.mjs:476
[ 1310481ms] [WARNING] Warning: Missing `Description` or `aria-describedby={undefined}` for {DialogContent}. @ webpack-internal:///(app-pages-browser)/./node_modules/@radix-ui/react-dialog/dist/index.mjs:476
[ 1353645ms] [LOG] [Fast Refresh] rebuilding @ webpack-internal:///(app-pages-browser)/./node_modules/next/dist/client/components/react-dev-overlay/app/hot-reloader-client.js:240
[ 1354144ms] [LOG] [Fast Refresh] done in 499ms @ webpack-internal:///(app-pages-browser)/./node_modules/next/dist/client/components/react-dev-overlay/app/hot-reloader-client.js:67
[ 1354168ms] [LOG] [Fast Refresh] done in 523ms @ webpack-internal:///(app-pages-browser)/./node_modules/next/dist/client/components/react-dev-overlay/app/hot-reloader-client.js:67
[ 1489157ms] [LOG] [Fast Refresh] rebuilding @ webpack-internal:///(app-pages-browser)/./node_modules/next/dist/client/components/react-dev-overlay/app/hot-reloader-client.js:240
[ 1489728ms] [ERROR] %o

%s ReferenceError: Hero is not defined
    at HeroBlock (webpack-internal:///(app-pages-browser)/./src/widgets/PostGrid/PostGrid.tsx:135:88)
    at react-stack-bottom-frame (webpack-internal:///(app-pages-browser)/./node_modules/next/dist/compiled/react-dom/cjs/react-dom-client.development.js:22339:20)
    at renderWithHooks (webpack-internal:///(app-pages-browser)/./node_modules/next/dist/compiled/react-dom/cjs/react-dom-client.development.js:5731:22)
    at updateFunctionComponent (webpack-internal:///(app-pages-browser)/./node_modules/next/dist/compiled/react-dom/cjs/react-dom-client.development.js:7992:19)
    at beginWork (webpack-internal:///(app-pages-browser)/./node_modules/next/dist/compiled/react-dom/cjs/react-dom-client.development.js:9657:18)
    at runWithFiberInDEV (webpack-internal:///(app-pages-browser)/./node_modules/next/dist/compiled/react-dom/cjs/react-dom-client.development.js:544:16)
    at performUnitOfWork (webpack-internal:///(app-pages-browser)/./node_modules/next/dist/compiled/react-dom/cjs/react-dom-client.development.js:14986:22)
    at workLoopSync (webpack-internal:///(app-pages-browser)/./node_modules/next/dist/compiled/react-dom/cjs/react-dom-client.development.js:14816:41)
    at renderRootSync (webpack-internal:///(app-pages-browser)/./node_modules/next/dist/compiled/react-dom/cjs/react-dom-client.development.js:14794:11)
    at performWorkOnRoot (webpack-internal:///(app-pages-browser)/./node_modules/next/dist/compiled/react-dom/cjs/react-dom-client.development.js:14329:46)
    at performSyncWorkOnRoot (webpack-internal:///(app-pages-browser)/./node_modules/next/dist/compiled/react-dom/cjs/react-dom-client.development.js:15857:7)
    at flushSyncWorkAcrossRoots_impl (webpack-internal:///(app-pages-browser)/./node_modules/next/dist/compiled/react-dom/cjs/react-dom-client.development.js:15719:21)
    at flushSyncWork$1 (webpack-internal:///(app-pages-browser)/./node_modules/next/dist/compiled/react-dom/cjs/react-dom-client.development.js:14578:12)
    at Object.scheduleRefresh (webpack-internal:///(app-pages-browser)/./node_modules/next/dist/compiled/react-dom/cjs/react-dom-client.development.js:113:9)
    at eval (webpack-internal:///(app-pages-browser)/./node_modules/next/dist/compiled/react-refresh/cjs/react-refresh-runtime.development.js:265:17)
    at Set.forEach (<anonymous>)
    at Object.performReactRefresh (webpack-internal:///(app-pages-browser)/./node_modules/next/dist/compiled/react-refresh/cjs/react-refresh-runtime.development.js:254:26)
    at applyUpdate (webpack-internal:///(app-pages-browser)/./node_modules/next/dist/compiled/@next/react-refresh-utils/dist/internal/helpers.js:139:31)
    at statusHandler (webpack-internal:///(app-pages-browser)/./node_modules/next/dist/compiled/@next/react-refresh-utils/dist/internal/helpers.js:156:13)
    at setStatus (http://localhost:3000/_next/static/chunks/webpack.js?v=1776800236084:506:55)
    at http://localhost:3000/_next/static/chunks/webpack.js?v=1776800236084:675:21 The above error occurred in the <HeroBlock> component. It was handled by the <ReactDevOverlay> error boundary. @ webpack-internal:///(app-pages-browser)/./node_modules/next/dist/client/react-client-callbacks/app-router.js:51
[ 1489734ms] [WARNING] [Fast Refresh] performing full reload because your application had an unrecoverable error @ webpack-internal:///(app-pages-browser)/./node_modules/next/dist/client/components/react-dev-overlay/app/hot-reloader-client.js:140
[ 1490651ms] [INFO] %cDownload the React DevTools for a better development experience: https://react.dev/link/react-devtools font-weight:bold @ webpack-internal:///(app-pages-browser)/./node_modules/next/dist/compiled/react-dom/cjs/react-dom-client.development.js:24503
[ 1491048ms] [WARNING] Image with src "/cover-example-2.jpg" was detected as the Largest Contentful Paint (LCP). Please add the "priority" property if this image is above the fold.
Read more: https://nextjs.org/docs/api-reference/next/image#priority @ webpack-internal:///(app-pages-browser)/./node_modules/next/dist/shared/lib/utils/warn-once.js:15
[ 1509276ms] [LOG] [Fast Refresh] rebuilding @ webpack-internal:///(app-pages-browser)/./node_modules/next/dist/client/components/react-dev-overlay/app/hot-reloader-client.js:240
[ 1509462ms] [LOG] [Fast Refresh] done in 187ms @ webpack-internal:///(app-pages-browser)/./node_modules/next/dist/client/components/react-dev-overlay/app/hot-reloader-client.js:67
[ 1509511ms] [LOG] [Fast Refresh] done in 235ms @ webpack-internal:///(app-pages-browser)/./node_modules/next/dist/client/components/react-dev-overlay/app/hot-reloader-client.js:67
[ 1512296ms] [ERROR] %o

%s ReferenceError: lesson is not defined
    at HeroBlock (webpack-internal:///(app-pages-browser)/./src/widgets/PostGrid/PostGrid.tsx:150:23)
    at react-stack-bottom-frame (webpack-internal:///(app-pages-browser)/./node_modules/next/dist/compiled/react-dom/cjs/react-dom-client.development.js:22339:20)
    at renderWithHooks (webpack-internal:///(app-pages-browser)/./node_modules/next/dist/compiled/react-dom/cjs/react-dom-client.development.js:5731:22)
    at updateFunctionComponent (webpack-internal:///(app-pages-browser)/./node_modules/next/dist/compiled/react-dom/cjs/react-dom-client.development.js:7992:19)
    at beginWork (webpack-internal:///(app-pages-browser)/./node_modules/next/dist/compiled/react-dom/cjs/react-dom-client.development.js:9657:18)
    at runWithFiberInDEV (webpack-internal:///(app-pages-browser)/./node_modules/next/dist/compiled/react-dom/cjs/react-dom-client.development.js:544:16)
    at performUnitOfWork (webpack-internal:///(app-pages-browser)/./node_modules/next/dist/compiled/react-dom/cjs/react-dom-client.development.js:14986:22)
    at workLoopSync (webpack-internal:///(app-pages-browser)/./node_modules/next/dist/compiled/react-dom/cjs/react-dom-client.development.js:14816:41)
    at renderRootSync (webpack-internal:///(app-pages-browser)/./node_modules/next/dist/compiled/react-dom/cjs/react-dom-client.development.js:14794:11)
    at performWorkOnRoot (webpack-internal:///(app-pages-browser)/./node_modules/next/dist/compiled/react-dom/cjs/react-dom-client.development.js:14329:46)
    at performSyncWorkOnRoot (webpack-internal:///(app-pages-browser)/./node_modules/next/dist/compiled/react-dom/cjs/react-dom-client.development.js:15857:7)
    at flushSyncWorkAcrossRoots_impl (webpack-internal:///(app-pages-browser)/./node_modules/next/dist/compiled/react-dom/cjs/react-dom-client.development.js:15719:21)
    at processRootScheduleInMicrotask (webpack-internal:///(app-pages-browser)/./node_modules/next/dist/compiled/react-dom/cjs/react-dom-client.development.js:15753:7)
    at eval (webpack-internal:///(app-pages-browser)/./node_modules/next/dist/compiled/react-dom/cjs/react-dom-client.development.js:15873:13) The above error occurred in the <HeroBlock> component. It was handled by the <ReactDevOverlay> error boundary. @ webpack-internal:///(app-pages-browser)/./node_modules/next/dist/client/react-client-callbacks/app-router.js:51
[ 1538864ms] [LOG] [Fast Refresh] rebuilding @ webpack-internal:///(app-pages-browser)/./node_modules/next/dist/client/components/react-dev-overlay/app/hot-reloader-client.js:240
[ 1539348ms] [WARNING] [Fast Refresh] performing full reload because your application had an unrecoverable error @ webpack-internal:///(app-pages-browser)/./node_modules/next/dist/client/components/react-dev-overlay/app/hot-reloader-client.js:140
[ 1540322ms] [INFO] %cDownload the React DevTools for a better development experience: https://react.dev/link/react-devtools font-weight:bold @ webpack-internal:///(app-pages-browser)/./node_modules/next/dist/compiled/react-dom/cjs/react-dom-client.development.js:24503
[ 1540739ms] [WARNING] Image with src "/cover-example-2.jpg" was detected as the Largest Contentful Paint (LCP). Please add the "priority" property if this image is above the fold.
Read more: https://nextjs.org/docs/api-reference/next/image#priority @ webpack-internal:///(app-pages-browser)/./node_modules/next/dist/shared/lib/utils/warn-once.js:15
[ 1550084ms] [LOG] [Fast Refresh] rebuilding @ webpack-internal:///(app-pages-browser)/./node_modules/next/dist/client/components/react-dev-overlay/app/hot-reloader-client.js:240
[ 1550412ms] [LOG] [Fast Refresh] done in 328ms @ webpack-internal:///(app-pages-browser)/./node_modules/next/dist/client/components/react-dev-overlay/app/hot-reloader-client.js:67
[ 1552654ms] [WARNING] Warning: Missing `Description` or `aria-describedby={undefined}` for {DialogContent}. @ webpack-internal:///(app-pages-browser)/./node_modules/@radix-ui/react-dialog/dist/index.mjs:476
[ 1552657ms] [WARNING] Warning: Missing `Description` or `aria-describedby={undefined}` for {DialogContent}. @ webpack-internal:///(app-pages-browser)/./node_modules/@radix-ui/react-dialog/dist/index.mjs:476
[ 1600073ms] [WARNING] Warning: Missing `Description` or `aria-describedby={undefined}` for {DialogContent}. @ webpack-internal:///(app-pages-browser)/./node_modules/@radix-ui/react-dialog/dist/index.mjs:476
[ 1600076ms] [WARNING] Warning: Missing `Description` or `aria-describedby={undefined}` for {DialogContent}. @ webpack-internal:///(app-pages-browser)/./node_modules/@radix-ui/react-dialog/dist/index.mjs:476
[ 1603125ms] [WARNING] Warning: Missing `Description` or `aria-describedby={undefined}` for {DialogContent}. @ webpack-internal:///(app-pages-browser)/./node_modules/@radix-ui/react-dialog/dist/index.mjs:476
[ 1603127ms] [WARNING] Warning: Missing `Description` or `aria-describedby={undefined}` for {DialogContent}. @ webpack-internal:///(app-pages-browser)/./node_modules/@radix-ui/react-dialog/dist/index.mjs:476
[ 1607761ms] [WARNING] Warning: Missing `Description` or `aria-describedby={undefined}` for {DialogContent}. @ webpack-internal:///(app-pages-browser)/./node_modules/@radix-ui/react-dialog/dist/index.mjs:476
[ 1607763ms] [WARNING] Warning: Missing `Description` or `aria-describedby={undefined}` for {DialogContent}. @ webpack-internal:///(app-pages-browser)/./node_modules/@radix-ui/react-dialog/dist/index.mjs:476
[ 1696342ms] [LOG] [Fast Refresh] rebuilding @ webpack-internal:///(app-pages-browser)/./node_modules/next/dist/client/components/react-dev-overlay/app/hot-reloader-client.js:240
[ 1697016ms] [LOG] [Fast Refresh] done in 674ms @ webpack-internal:///(app-pages-browser)/./node_modules/next/dist/client/components/react-dev-overlay/app/hot-reloader-client.js:67
[ 1966271ms] [LOG] [Fast Refresh] rebuilding @ webpack-internal:///(app-pages-browser)/./node_modules/next/dist/client/components/react-dev-overlay/app/hot-reloader-client.js:240
[ 1966814ms] [LOG] [Fast Refresh] done in 544ms @ webpack-internal:///(app-pages-browser)/./node_modules/next/dist/client/components/react-dev-overlay/app/hot-reloader-client.js:67
[ 1999845ms] [LOG] [Fast Refresh] rebuilding @ webpack-internal:///(app-pages-browser)/./node_modules/next/dist/client/components/react-dev-overlay/app/hot-reloader-client.js:240
[ 2000440ms] [LOG] [Fast Refresh] done in 596ms @ webpack-internal:///(app-pages-browser)/./node_modules/next/dist/client/components/react-dev-overlay/app/hot-reloader-client.js:67
[ 2247719ms] [LOG] [Fast Refresh] rebuilding @ webpack-internal:///(app-pages-browser)/./node_modules/next/dist/client/components/react-dev-overlay/app/hot-reloader-client.js:240
[ 2248577ms] [LOG] [Fast Refresh] done in 858ms @ webpack-internal:///(app-pages-browser)/./node_modules/next/dist/client/components/react-dev-overlay/app/hot-reloader-client.js:67
[ 2256639ms] [LOG] click @ webpack-internal:///(app-pages-browser)/./src/shared/uiKit/Logo/Logo.jsx:11
[ 2257082ms] [WARNING] Skipping auto-scroll behavior due to `position: sticky` or `position: fixed` on element: JSHandle@node @ webpack-internal:///(app-pages-browser)/./node_modules/next/dist/client/components/layout-router.js:95
[ 2262983ms] [WARNING] Skipping auto-scroll behavior due to `position: sticky` or `position: fixed` on element: JSHandle@node @ webpack-internal:///(app-pages-browser)/./node_modules/next/dist/client/components/layout-router.js:95
[ 2263816ms] [WARNING] Warning: Missing `Description` or `aria-describedby={undefined}` for {DialogContent}. @ webpack-internal:///(app-pages-browser)/./node_modules/@radix-ui/react-dialog/dist/index.mjs:476
[ 2263818ms] [WARNING] Warning: Missing `Description` or `aria-describedby={undefined}` for {DialogContent}. @ webpack-internal:///(app-pages-browser)/./node_modules/@radix-ui/react-dialog/dist/index.mjs:476
[ 2279711ms] [WARNING] Warning: Missing `Description` or `aria-describedby={undefined}` for {DialogContent}. @ webpack-internal:///(app-pages-browser)/./node_modules/@radix-ui/react-dialog/dist/index.mjs:476
[ 2279712ms] [WARNING] Warning: Missing `Description` or `aria-describedby={undefined}` for {DialogContent}. @ webpack-internal:///(app-pages-browser)/./node_modules/@radix-ui/react-dialog/dist/index.mjs:476
[ 2288541ms] [WARNING] Warning: Missing `Description` or `aria-describedby={undefined}` for {DialogContent}. @ webpack-internal:///(app-pages-browser)/./node_modules/@radix-ui/react-dialog/dist/index.mjs:476
[ 2288543ms] [WARNING] Warning: Missing `Description` or `aria-describedby={undefined}` for {DialogContent}. @ webpack-internal:///(app-pages-browser)/./node_modules/@radix-ui/react-dialog/dist/index.mjs:476
[ 2325499ms] [WARNING] Warning: Missing `Description` or `aria-describedby={undefined}` for {DialogContent}. @ webpack-internal:///(app-pages-browser)/./node_modules/@radix-ui/react-dialog/dist/index.mjs:476
[ 2325501ms] [WARNING] Warning: Missing `Description` or `aria-describedby={undefined}` for {DialogContent}. @ webpack-internal:///(app-pages-browser)/./node_modules/@radix-ui/react-dialog/dist/index.mjs:476
[ 2334623ms] [LOG] [Fast Refresh] rebuilding @ webpack-internal:///(app-pages-browser)/./node_modules/next/dist/client/components/react-dev-overlay/app/hot-reloader-client.js:240
[ 2335444ms] [LOG] [Fast Refresh] done in 821ms @ webpack-internal:///(app-pages-browser)/./node_modules/next/dist/client/components/react-dev-overlay/app/hot-reloader-client.js:67
[ 2380950ms] [WARNING] Warning: Missing `Description` or `aria-describedby={undefined}` for {DialogContent}. @ webpack-internal:///(app-pages-browser)/./node_modules/@radix-ui/react-dialog/dist/index.mjs:476
[ 2380952ms] [WARNING] Warning: Missing `Description` or `aria-describedby={undefined}` for {DialogContent}. @ webpack-internal:///(app-pages-browser)/./node_modules/@radix-ui/react-dialog/dist/index.mjs:476
[ 2382502ms] [WARNING] Warning: Missing `Description` or `aria-describedby={undefined}` for {DialogContent}. @ webpack-internal:///(app-pages-browser)/./node_modules/@radix-ui/react-dialog/dist/index.mjs:476
[ 2382504ms] [WARNING] Warning: Missing `Description` or `aria-describedby={undefined}` for {DialogContent}. @ webpack-internal:///(app-pages-browser)/./node_modules/@radix-ui/react-dialog/dist/index.mjs:476
[ 2383932ms] [WARNING] Warning: Missing `Description` or `aria-describedby={undefined}` for {DialogContent}. @ webpack-internal:///(app-pages-browser)/./node_modules/@radix-ui/react-dialog/dist/index.mjs:476
[ 2383934ms] [WARNING] Warning: Missing `Description` or `aria-describedby={undefined}` for {DialogContent}. @ webpack-internal:///(app-pages-browser)/./node_modules/@radix-ui/react-dialog/dist/index.mjs:476
[ 2385992ms] [WARNING] Warning: Missing `Description` or `aria-describedby={undefined}` for {DialogContent}. @ webpack-internal:///(app-pages-browser)/./node_modules/@radix-ui/react-dialog/dist/index.mjs:476
[ 2385993ms] [WARNING] Warning: Missing `Description` or `aria-describedby={undefined}` for {DialogContent}. @ webpack-internal:///(app-pages-browser)/./node_modules/@radix-ui/react-dialog/dist/index.mjs:476
[ 2390130ms] [WARNING] Warning: Missing `Description` or `aria-describedby={undefined}` for {DialogContent}. @ webpack-internal:///(app-pages-browser)/./node_modules/@radix-ui/react-dialog/dist/index.mjs:476
[ 2390132ms] [WARNING] Warning: Missing `Description` or `aria-describedby={undefined}` for {DialogContent}. @ webpack-internal:///(app-pages-browser)/./node_modules/@radix-ui/react-dialog/dist/index.mjs:476
[ 2391672ms] [WARNING] Warning: Missing `Description` or `aria-describedby={undefined}` for {DialogContent}. @ webpack-internal:///(app-pages-browser)/./node_modules/@radix-ui/react-dialog/dist/index.mjs:476
[ 2391673ms] [WARNING] Warning: Missing `Description` or `aria-describedby={undefined}` for {DialogContent}. @ webpack-internal:///(app-pages-browser)/./node_modules/@radix-ui/react-dialog/dist/index.mjs:476
[ 2393265ms] [WARNING] Warning: Missing `Description` or `aria-describedby={undefined}` for {DialogContent}. @ webpack-internal:///(app-pages-browser)/./node_modules/@radix-ui/react-dialog/dist/index.mjs:476
[ 2393267ms] [WARNING] Warning: Missing `Description` or `aria-describedby={undefined}` for {DialogContent}. @ webpack-internal:///(app-pages-browser)/./node_modules/@radix-ui/react-dialog/dist/index.mjs:476
[ 2440559ms] [LOG] [Fast Refresh] rebuilding @ webpack-internal:///(app-pages-browser)/./node_modules/next/dist/client/components/react-dev-overlay/app/hot-reloader-client.js:240
[ 2441368ms] [LOG] [Fast Refresh] done in 809ms @ webpack-internal:///(app-pages-browser)/./node_modules/next/dist/client/components/react-dev-overlay/app/hot-reloader-client.js:67
[ 2446211ms] [INFO] %cDownload the React DevTools for a better development experience: https://react.dev/link/react-devtools font-weight:bold @ webpack-internal:///(app-pages-browser)/./node_modules/next/dist/compiled/react-dom/cjs/react-dom-client.development.js:24503
[ 2446530ms] [WARNING] Image with src "/cover-example-2.jpg" was detected as the Largest Contentful Paint (LCP). Please add the "priority" property if this image is above the fold.
Read more: https://nextjs.org/docs/api-reference/next/image#priority @ webpack-internal:///(app-pages-browser)/./node_modules/next/dist/shared/lib/utils/warn-once.js:15
[ 2447377ms] [WARNING] Warning: Missing `Description` or `aria-describedby={undefined}` for {DialogContent}. @ webpack-internal:///(app-pages-browser)/./node_modules/@radix-ui/react-dialog/dist/index.mjs:476
[ 2447379ms] [WARNING] Warning: Missing `Description` or `aria-describedby={undefined}` for {DialogContent}. @ webpack-internal:///(app-pages-browser)/./node_modules/@radix-ui/react-dialog/dist/index.mjs:476
[ 2449010ms] [WARNING] Warning: Missing `Description` or `aria-describedby={undefined}` for {DialogContent}. @ webpack-internal:///(app-pages-browser)/./node_modules/@radix-ui/react-dialog/dist/index.mjs:476
[ 2449013ms] [WARNING] Warning: Missing `Description` or `aria-describedby={undefined}` for {DialogContent}. @ webpack-internal:///(app-pages-browser)/./node_modules/@radix-ui/react-dialog/dist/index.mjs:476
[ 2477342ms] [WARNING] Warning: Missing `Description` or `aria-describedby={undefined}` for {DialogContent}. @ webpack-internal:///(app-pages-browser)/./node_modules/@radix-ui/react-dialog/dist/index.mjs:476
[ 2477344ms] [WARNING] Warning: Missing `Description` or `aria-describedby={undefined}` for {DialogContent}. @ webpack-internal:///(app-pages-browser)/./node_modules/@radix-ui/react-dialog/dist/index.mjs:476
[ 2586634ms] [LOG] [Fast Refresh] rebuilding @ webpack-internal:///(app-pages-browser)/./node_modules/next/dist/client/components/react-dev-overlay/app/hot-reloader-client.js:240
[ 2587402ms] [LOG] [Fast Refresh] done in 769ms @ webpack-internal:///(app-pages-browser)/./node_modules/next/dist/client/components/react-dev-overlay/app/hot-reloader-client.js:67
[ 2587426ms] [LOG] [Fast Refresh] done in 792ms @ webpack-internal:///(app-pages-browser)/./node_modules/next/dist/client/components/react-dev-overlay/app/hot-reloader-client.js:67
[ 2624573ms] [LOG] [Fast Refresh] rebuilding @ webpack-internal:///(app-pages-browser)/./node_modules/next/dist/client/components/react-dev-overlay/app/hot-reloader-client.js:240
[ 2625638ms] [LOG] [Fast Refresh] done in 1069ms @ webpack-internal:///(app-pages-browser)/./node_modules/next/dist/client/components/react-dev-overlay/app/hot-reloader-client.js:67
[ 2641241ms] [LOG] [Fast Refresh] rebuilding @ webpack-internal:///(app-pages-browser)/./node_modules/next/dist/client/components/react-dev-overlay/app/hot-reloader-client.js:240
[ 2641559ms] [LOG] [Fast Refresh] done in 318ms @ webpack-internal:///(app-pages-browser)/./node_modules/next/dist/client/components/react-dev-overlay/app/hot-reloader-client.js:67
[ 2676380ms] [LOG] [Fast Refresh] rebuilding @ webpack-internal:///(app-pages-browser)/./node_modules/next/dist/client/components/react-dev-overlay/app/hot-reloader-client.js:240
[ 2677039ms] [WARNING] ./src/app/globals.scss.webpack[javascript/auto]!=!./node_modules/next/dist/build/webpack/loaders/css-loader/src/index.js??ruleSet[1].rules[13].oneOf[11].use[2]!./node_modules/next/dist/build/webpack/loaders/postcss-loader/src/index.js??ruleSet[1].rules[13].oneOf[11].use[3]!./node_modules/next/dist/build/webpack/loaders/resolve-url-loader/index.js??ruleSet[1].rules[13].oneOf[11].use[4]!./node_modules/next/dist/compiled/sass-loader/cjs.js??ruleSet[1].rules[13].oneOf[11].use[5]!./src/app/globals.scss
Deprecation The legacy JS API is deprecated and will be removed in Dart Sass 2.0.0.

More info: https://sass-lang.com/d/legacy-js-api

Import trace for requested module:
./src/app/globals.scss.webpack[javascript/auto]!=!./node_modules/next/dist/build/webpack/loaders/css-loader/src/index.js??ruleSet[1].rules[13].oneOf[11].use[2]!./node_modules/next/dist/build/webpack/loaders/postcss-loader/src/index.js??ruleSet[1].rules[13].oneOf[11].use[3]!./node_modules/next/dist/build/webpack/loaders/resolve-url-loader/index.js??ruleSet[1].rules[13].oneOf[11].use[4]!./node_modules/next/dist/compiled/sass-loader/cjs.js??ruleSet[1].rules[13].oneOf[11].use[5]!./src/app/globals.scss
./src/app/globals.scss @ webpack-internal:///(app-pages-browser)/./node_modules/next/dist/client/components/react-dev-overlay/app/hot-reloader-client.js:281
[ 2677040ms] [WARNING] ./src/app/globals.scss.webpack[javascript/auto]!=!./node_modules/next/dist/build/webpack/loaders/css-loader/src/index.js??ruleSet[1].rules[13].oneOf[11].use[2]!./node_modules/next/dist/build/webpack/loaders/postcss-loader/src/index.js??ruleSet[1].rules[13].oneOf[11].use[3]!./node_modules/next/dist/build/webpack/loaders/resolve-url-loader/index.js??ruleSet[1].rules[13].oneOf[11].use[4]!./node_modules/next/dist/compiled/sass-loader/cjs.js??ruleSet[1].rules[13].oneOf[11].use[5]!./src/app/globals.scss
Deprecation Warning on line 0, column 8 of file:///Users/ilmirsultanov/Projects/kidstartclub/front/src/app/globals.scss:0:8:
Sass @import rules are deprecated and will be removed in Dart Sass 3.0.0.

More info and automated migrator: https://sass-lang.com/d/import

0 | @import "../shared/theme/tokens.scss";

src/app/globals.scss 1:9  root stylesheet

Import trace for requested module:
./src/app/globals.scss.webpack[javascript/auto]!=!./node_modules/next/dist/build/webpack/loaders/css-loader/src/index.js??ruleSet[1].rules[13].oneOf[11].use[2]!./node_modules/next/dist/build/webpack/loaders/postcss-loader/src/index.js??ruleSet[1].rules[13].oneOf[11].use[3]!./node_modules/next/dist/build/webpack/loaders/resolve-url-loader/index.js??ruleSet[1].rules[13].oneOf[11].use[4]!./node_modules/next/dist/compiled/sass-loader/cjs.js??ruleSet[1].rules[13].oneOf[11].use[5]!./src/app/globals.scss
./src/app/globals.scss @ webpack-internal:///(app-pages-browser)/./node_modules/next/dist/client/components/react-dev-overlay/app/hot-reloader-client.js:281
[ 2677172ms] [LOG] [Fast Refresh] done in 793ms @ webpack-internal:///(app-pages-browser)/./node_modules/next/dist/client/components/react-dev-overlay/app/hot-reloader-client.js:67
[ 2761889ms] [LOG] click @ webpack-internal:///(app-pages-browser)/./src/shared/uiKit/Logo/Logo.jsx:11
[ 2762116ms] [WARNING] Skipping auto-scroll behavior due to `position: sticky` or `position: fixed` on element: JSHandle@node @ webpack-internal:///(app-pages-browser)/./node_modules/next/dist/client/components/layout-router.js:95
[ 3246577ms] [WARNING] Skipping auto-scroll behavior due to `position: sticky` or `position: fixed` on element: JSHandle@node @ webpack-internal:///(app-pages-browser)/./node_modules/next/dist/client/components/layout-router.js:95
[ 3253184ms] [WARNING] Warning: Missing `Description` or `aria-describedby={undefined}` for {DialogContent}. @ webpack-internal:///(app-pages-browser)/./node_modules/@radix-ui/react-dialog/dist/index.mjs:476
[ 3253186ms] [WARNING] Warning: Missing `Description` or `aria-describedby={undefined}` for {DialogContent}. @ webpack-internal:///(app-pages-browser)/./node_modules/@radix-ui/react-dialog/dist/index.mjs:476
[ 3714765ms] [LOG] [Fast Refresh] rebuilding @ webpack-internal:///(app-pages-browser)/./node_modules/next/dist/client/components/react-dev-overlay/app/hot-reloader-client.js:240
[ 3715730ms] [LOG] [Fast Refresh] done in 967ms @ webpack-internal:///(app-pages-browser)/./node_modules/next/dist/client/components/react-dev-overlay/app/hot-reloader-client.js:67
[ 3716779ms] [LOG] [Fast Refresh] rebuilding @ webpack-internal:///(app-pages-browser)/./node_modules/next/dist/client/components/react-dev-overlay/app/hot-reloader-client.js:240
[ 3717044ms] [LOG] [Fast Refresh] done in 264ms @ webpack-internal:///(app-pages-browser)/./node_modules/next/dist/client/components/react-dev-overlay/app/hot-reloader-client.js:67
[ 3733337ms] [LOG] [Fast Refresh] rebuilding @ webpack-internal:///(app-pages-browser)/./node_modules/next/dist/client/components/react-dev-overlay/app/hot-reloader-client.js:240
[ 3733533ms] [LOG] [Fast Refresh] done in 196ms @ webpack-internal:///(app-pages-browser)/./node_modules/next/dist/client/components/react-dev-overlay/app/hot-reloader-client.js:67
[ 3737158ms] [INFO] %cDownload the React DevTools for a better development experience: https://react.dev/link/react-devtools font-weight:bold @ webpack-internal:///(app-pages-browser)/./node_modules/next/dist/compiled/react-dom/cjs/react-dom-client.development.js:24503
[ 3737661ms] [WARNING] Image with src "/cover-example-2.jpg" was detected as the Largest Contentful Paint (LCP). Please add the "priority" property if this image is above the fold.
Read more: https://nextjs.org/docs/api-reference/next/image#priority @ webpack-internal:///(app-pages-browser)/./node_modules/next/dist/shared/lib/utils/warn-once.js:15
[ 3738910ms] [WARNING] Warning: Missing `Description` or `aria-describedby={undefined}` for {DialogContent}. @ webpack-internal:///(app-pages-browser)/./node_modules/@radix-ui/react-dialog/dist/index.mjs:476
[ 3738913ms] [WARNING] Warning: Missing `Description` or `aria-describedby={undefined}` for {DialogContent}. @ webpack-internal:///(app-pages-browser)/./node_modules/@radix-ui/react-dialog/dist/index.mjs:476
[ 3740175ms] [WARNING] Warning: Missing `Description` or `aria-describedby={undefined}` for {DialogContent}. @ webpack-internal:///(app-pages-browser)/./node_modules/@radix-ui/react-dialog/dist/index.mjs:476
[ 3740178ms] [WARNING] Warning: Missing `Description` or `aria-describedby={undefined}` for {DialogContent}. @ webpack-internal:///(app-pages-browser)/./node_modules/@radix-ui/react-dialog/dist/index.mjs:476
[ 3745644ms] [WARNING] Warning: Missing `Description` or `aria-describedby={undefined}` for {DialogContent}. @ webpack-internal:///(app-pages-browser)/./node_modules/@radix-ui/react-dialog/dist/index.mjs:476
[ 3745646ms] [WARNING] Warning: Missing `Description` or `aria-describedby={undefined}` for {DialogContent}. @ webpack-internal:///(app-pages-browser)/./node_modules/@radix-ui/react-dialog/dist/index.mjs:476
[ 3746758ms] [WARNING] Warning: Missing `Description` or `aria-describedby={undefined}` for {DialogContent}. @ webpack-internal:///(app-pages-browser)/./node_modules/@radix-ui/react-dialog/dist/index.mjs:476
[ 3746760ms] [WARNING] Warning: Missing `Description` or `aria-describedby={undefined}` for {DialogContent}. @ webpack-internal:///(app-pages-browser)/./node_modules/@radix-ui/react-dialog/dist/index.mjs:476
[ 3764188ms] [WARNING] Warning: Missing `Description` or `aria-describedby={undefined}` for {DialogContent}. @ webpack-internal:///(app-pages-browser)/./node_modules/@radix-ui/react-dialog/dist/index.mjs:476
[ 3764189ms] [WARNING] Warning: Missing `Description` or `aria-describedby={undefined}` for {DialogContent}. @ webpack-internal:///(app-pages-browser)/./node_modules/@radix-ui/react-dialog/dist/index.mjs:476
[ 3801661ms] [LOG] click @ webpack-internal:///(app-pages-browser)/./src/shared/uiKit/Logo/Logo.jsx:11
[ 3801822ms] [WARNING] Skipping auto-scroll behavior due to `position: sticky` or `position: fixed` on element: JSHandle@node @ webpack-internal:///(app-pages-browser)/./node_modules/next/dist/client/components/layout-router.js:95
[ 3809915ms] [WARNING] Skipping auto-scroll behavior due to `position: sticky` or `position: fixed` on element: JSHandle@node @ webpack-internal:///(app-pages-browser)/./node_modules/next/dist/client/components/layout-router.js:95
[ 3811064ms] [WARNING] Warning: Missing `Description` or `aria-describedby={undefined}` for {DialogContent}. @ webpack-internal:///(app-pages-browser)/./node_modules/@radix-ui/react-dialog/dist/index.mjs:476
[ 3811064ms] [WARNING] Warning: Missing `Description` or `aria-describedby={undefined}` for {DialogContent}. @ webpack-internal:///(app-pages-browser)/./node_modules/@radix-ui/react-dialog/dist/index.mjs:476
[ 3847126ms] [WARNING] Warning: Missing `Description` or `aria-describedby={undefined}` for {DialogContent}. @ webpack-internal:///(app-pages-browser)/./node_modules/@radix-ui/react-dialog/dist/index.mjs:476
[ 3847126ms] [WARNING] Warning: Missing `Description` or `aria-describedby={undefined}` for {DialogContent}. @ webpack-internal:///(app-pages-browser)/./node_modules/@radix-ui/react-dialog/dist/index.mjs:476
[ 3874226ms] [WARNING] Warning: Missing `Description` or `aria-describedby={undefined}` for {DialogContent}. @ webpack-internal:///(app-pages-browser)/./node_modules/@radix-ui/react-dialog/dist/index.mjs:476
[ 3874227ms] [WARNING] Warning: Missing `Description` or `aria-describedby={undefined}` for {DialogContent}. @ webpack-internal:///(app-pages-browser)/./node_modules/@radix-ui/react-dialog/dist/index.mjs:476
[ 6928379ms] [LOG] [Fast Refresh] rebuilding @ webpack-internal:///(app-pages-browser)/./node_modules/next/dist/client/components/react-dev-overlay/app/hot-reloader-client.js:240
[ 6930379ms] [LOG] [Fast Refresh] done in 2015ms @ webpack-internal:///(app-pages-browser)/./node_modules/next/dist/client/components/react-dev-overlay/app/hot-reloader-client.js:67
[ 6930482ms] [LOG] [Fast Refresh] done in 2119ms @ webpack-internal:///(app-pages-browser)/./node_modules/next/dist/client/components/react-dev-overlay/app/hot-reloader-client.js:67
[ 6930972ms] [ERROR] Failed to fetch RSC payload for http://localhost:3000/book-club. Falling back to browser navigation. TypeError: Failed to fetch
    at captureStackTrace (webpack-internal:///(app-pages-browser)/./node_modules/next/dist/client/components/react-dev-overlay/internal/helpers/capture-stack-trace.js:13:23)
    at console.error (webpack-internal:///(app-pages-browser)/./node_modules/next/dist/client/components/globals/intercept-console-error.js:51:62)
    at fetchServerResponse (webpack-internal:///(app-pages-browser)/./node_modules/next/dist/client/components/router-reducer/fetch-server-response.js:126:17) @ webpack-internal:///(app-pages-browser)/./node_modules/next/dist/client/components/globals/intercept-console-error.js:55
[ 6931299ms] [INFO] %cDownload the React DevTools for a better development experience: https://react.dev/link/react-devtools font-weight:bold @ webpack-internal:///(app-pages-browser)/./node_modules/next/dist/compiled/react-dom/cjs/react-dom-client.development.js:24503
[ 6931881ms] [ERROR] Failed to load resource: the server responded with a status of 404 (Not Found) @ http://localhost:3000/proforentation:0
[ 6932116ms] [INFO] %cDownload the React DevTools for a better development experience: https://react.dev/link/react-devtools font-weight:bold @ webpack-internal:///(app-pages-browser)/./node_modules/next/dist/compiled/react-dom/cjs/react-dom-client.development.js:24503
[ 6934393ms] [INFO] %cDownload the React DevTools for a better development experience: https://react.dev/link/react-devtools font-weight:bold @ webpack-internal:///(app-pages-browser)/./node_modules/next/dist/compiled/react-dom/cjs/react-dom-client.development.js:24503
[ 6936366ms] [WARNING] Warning: Missing `Description` or `aria-describedby={undefined}` for {DialogContent}. @ webpack-internal:///(app-pages-browser)/./node_modules/@radix-ui/react-dialog/dist/index.mjs:476
[ 6936368ms] [WARNING] Warning: Missing `Description` or `aria-describedby={undefined}` for {DialogContent}. @ webpack-internal:///(app-pages-browser)/./node_modules/@radix-ui/react-dialog/dist/index.mjs:476
[ 6966700ms] [WARNING] Warning: Missing `Description` or `aria-describedby={undefined}` for {DialogContent}. @ webpack-internal:///(app-pages-browser)/./node_modules/@radix-ui/react-dialog/dist/index.mjs:476
[ 6966701ms] [WARNING] Warning: Missing `Description` or `aria-describedby={undefined}` for {DialogContent}. @ webpack-internal:///(app-pages-browser)/./node_modules/@radix-ui/react-dialog/dist/index.mjs:476
[ 7186292ms] [INFO] %cDownload the React DevTools for a better development experience: https://react.dev/link/react-devtools font-weight:bold @ webpack-internal:///(app-pages-browser)/./node_modules/next/dist/compiled/react-dom/cjs/react-dom-client.development.js:24503
[ 7187476ms] [WARNING] Warning: Missing `Description` or `aria-describedby={undefined}` for {DialogContent}. @ webpack-internal:///(app-pages-browser)/./node_modules/@radix-ui/react-dialog/dist/index.mjs:476
[ 7187477ms] [WARNING] Warning: Missing `Description` or `aria-describedby={undefined}` for {DialogContent}. @ webpack-internal:///(app-pages-browser)/./node_modules/@radix-ui/react-dialog/dist/index.mjs:476
[ 7189392ms] [INFO] %cDownload the React DevTools for a better development experience: https://react.dev/link/react-devtools font-weight:bold @ webpack-internal:///(app-pages-browser)/./node_modules/next/dist/compiled/react-dom/cjs/react-dom-client.development.js:24503
[ 7189513ms] [WARNING] Image with src "/cover-example-2.jpg" was detected as the Largest Contentful Paint (LCP). Please add the "priority" property if this image is above the fold.
Read more: https://nextjs.org/docs/api-reference/next/image#priority @ webpack-internal:///(app-pages-browser)/./node_modules/next/dist/shared/lib/utils/warn-once.js:15
[ 7189989ms] [WARNING] Warning: Missing `Description` or `aria-describedby={undefined}` for {DialogContent}. @ webpack-internal:///(app-pages-browser)/./node_modules/@radix-ui/react-dialog/dist/index.mjs:476
[ 7189990ms] [WARNING] Warning: Missing `Description` or `aria-describedby={undefined}` for {DialogContent}. @ webpack-internal:///(app-pages-browser)/./node_modules/@radix-ui/react-dialog/dist/index.mjs:476
[ 7230024ms] [LOG] [Fast Refresh] rebuilding @ webpack-internal:///(app-pages-browser)/./node_modules/next/dist/client/components/react-dev-overlay/app/hot-reloader-client.js:240
[ 7231976ms] [LOG] [Fast Refresh] done in 1954ms @ webpack-internal:///(app-pages-browser)/./node_modules/next/dist/client/components/react-dev-overlay/app/hot-reloader-client.js:67
[ 7233745ms] [INFO] %cDownload the React DevTools for a better development experience: https://react.dev/link/react-devtools font-weight:bold @ webpack-internal:///(app-pages-browser)/./node_modules/next/dist/compiled/react-dom/cjs/react-dom-client.development.js:24503
[ 7233915ms] [WARNING] Image with src "/cover-example-2.jpg" was detected as the Largest Contentful Paint (LCP). Please add the "priority" property if this image is above the fold.
Read more: https://nextjs.org/docs/api-reference/next/image#priority @ webpack-internal:///(app-pages-browser)/./node_modules/next/dist/shared/lib/utils/warn-once.js:15
[ 7234887ms] [WARNING] Warning: Missing `Description` or `aria-describedby={undefined}` for {DialogContent}. @ webpack-internal:///(app-pages-browser)/./node_modules/@radix-ui/react-dialog/dist/index.mjs:476
[ 7234889ms] [WARNING] Warning: Missing `Description` or `aria-describedby={undefined}` for {DialogContent}. @ webpack-internal:///(app-pages-browser)/./node_modules/@radix-ui/react-dialog/dist/index.mjs:476
[ 7280317ms] [WARNING] Warning: Missing `Description` or `aria-describedby={undefined}` for {DialogContent}. @ webpack-internal:///(app-pages-browser)/./node_modules/@radix-ui/react-dialog/dist/index.mjs:476
[ 7280319ms] [WARNING] Warning: Missing `Description` or `aria-describedby={undefined}` for {DialogContent}. @ webpack-internal:///(app-pages-browser)/./node_modules/@radix-ui/react-dialog/dist/index.mjs:476
[ 7385228ms] [WARNING] Warning: Missing `Description` or `aria-describedby={undefined}` for {DialogContent}. @ webpack-internal:///(app-pages-browser)/./node_modules/@radix-ui/react-dialog/dist/index.mjs:476
[ 7385230ms] [WARNING] Warning: Missing `Description` or `aria-describedby={undefined}` for {DialogContent}. @ webpack-internal:///(app-pages-browser)/./node_modules/@radix-ui/react-dialog/dist/index.mjs:476
[ 7417429ms] [LOG] [Fast Refresh] rebuilding @ webpack-internal:///(app-pages-browser)/./node_modules/next/dist/client/components/react-dev-overlay/app/hot-reloader-client.js:240
[ 7418591ms] [LOG] [Fast Refresh] done in 1163ms @ webpack-internal:///(app-pages-browser)/./node_modules/next/dist/client/components/react-dev-overlay/app/hot-reloader-client.js:67
[ 7419124ms] [WARNING] Warning: Missing `Description` or `aria-describedby={undefined}` for {DialogContent}. @ webpack-internal:///(app-pages-browser)/./node_modules/@radix-ui/react-dialog/dist/index.mjs:476
[ 7419126ms] [WARNING] Warning: Missing `Description` or `aria-describedby={undefined}` for {DialogContent}. @ webpack-internal:///(app-pages-browser)/./node_modules/@radix-ui/react-dialog/dist/index.mjs:476
[ 7421162ms] [WARNING] Warning: Missing `Description` or `aria-describedby={undefined}` for {DialogContent}. @ webpack-internal:///(app-pages-browser)/./node_modules/@radix-ui/react-dialog/dist/index.mjs:476
[ 7421164ms] [WARNING] Warning: Missing `Description` or `aria-describedby={undefined}` for {DialogContent}. @ webpack-internal:///(app-pages-browser)/./node_modules/@radix-ui/react-dialog/dist/index.mjs:476
[ 7422707ms] [INFO] %cDownload the React DevTools for a better development experience: https://react.dev/link/react-devtools font-weight:bold @ webpack-internal:///(app-pages-browser)/./node_modules/next/dist/compiled/react-dom/cjs/react-dom-client.development.js:24503
[ 7422921ms] [WARNING] Image with src "/cover-example-2.jpg" was detected as the Largest Contentful Paint (LCP). Please add the "priority" property if this image is above the fold.
Read more: https://nextjs.org/docs/api-reference/next/image#priority @ webpack-internal:///(app-pages-browser)/./node_modules/next/dist/shared/lib/utils/warn-once.js:15
[ 7423428ms] [WARNING] Warning: Missing `Description` or `aria-describedby={undefined}` for {DialogContent}. @ webpack-internal:///(app-pages-browser)/./node_modules/@radix-ui/react-dialog/dist/index.mjs:476
[ 7423430ms] [WARNING] Warning: Missing `Description` or `aria-describedby={undefined}` for {DialogContent}. @ webpack-internal:///(app-pages-browser)/./node_modules/@radix-ui/react-dialog/dist/index.mjs:476
[ 7425446ms] [INFO] %cDownload the React DevTools for a better development experience: https://react.dev/link/react-devtools font-weight:bold @ webpack-internal:///(app-pages-browser)/./node_modules/next/dist/compiled/react-dom/cjs/react-dom-client.development.js:24503
[ 7425558ms] [WARNING] Image with src "/cover-example-2.jpg" was detected as the Largest Contentful Paint (LCP). Please add the "priority" property if this image is above the fold.
Read more: https://nextjs.org/docs/api-reference/next/image#priority @ webpack-internal:///(app-pages-browser)/./node_modules/next/dist/shared/lib/utils/warn-once.js:15
[ 7426100ms] [WARNING] Warning: Missing `Description` or `aria-describedby={undefined}` for {DialogContent}. @ webpack-internal:///(app-pages-browser)/./node_modules/@radix-ui/react-dialog/dist/index.mjs:476
[ 7426101ms] [WARNING] Warning: Missing `Description` or `aria-describedby={undefined}` for {DialogContent}. @ webpack-internal:///(app-pages-browser)/./node_modules/@radix-ui/react-dialog/dist/index.mjs:476
[ 7451582ms] [WARNING] Warning: Missing `Description` or `aria-describedby={undefined}` for {DialogContent}. @ webpack-internal:///(app-pages-browser)/./node_modules/@radix-ui/react-dialog/dist/index.mjs:476
[ 7451583ms] [WARNING] Warning: Missing `Description` or `aria-describedby={undefined}` for {DialogContent}. @ webpack-internal:///(app-pages-browser)/./node_modules/@radix-ui/react-dialog/dist/index.mjs:476
[ 7452601ms] [WARNING] Warning: Missing `Description` or `aria-describedby={undefined}` for {DialogContent}. @ webpack-internal:///(app-pages-browser)/./node_modules/@radix-ui/react-dialog/dist/index.mjs:476
[ 7452603ms] [WARNING] Warning: Missing `Description` or `aria-describedby={undefined}` for {DialogContent}. @ webpack-internal:///(app-pages-browser)/./node_modules/@radix-ui/react-dialog/dist/index.mjs:476
[ 7467539ms] [LOG] [Fast Refresh] rebuilding @ webpack-internal:///(app-pages-browser)/./node_modules/next/dist/client/components/react-dev-overlay/app/hot-reloader-client.js:240
[ 7467945ms] [LOG] [Fast Refresh] done in 407ms @ webpack-internal:///(app-pages-browser)/./node_modules/next/dist/client/components/react-dev-overlay/app/hot-reloader-client.js:67
[ 7512568ms] [WARNING] Warning: Missing `Description` or `aria-describedby={undefined}` for {DialogContent}. @ webpack-internal:///(app-pages-browser)/./node_modules/@radix-ui/react-dialog/dist/index.mjs:476
[ 7512570ms] [WARNING] Warning: Missing `Description` or `aria-describedby={undefined}` for {DialogContent}. @ webpack-internal:///(app-pages-browser)/./node_modules/@radix-ui/react-dialog/dist/index.mjs:476
[ 7550660ms] [LOG] [Fast Refresh] rebuilding @ webpack-internal:///(app-pages-browser)/./node_modules/next/dist/client/components/react-dev-overlay/app/hot-reloader-client.js:240
[ 7551583ms] [LOG] [Fast Refresh] done in 923ms @ webpack-internal:///(app-pages-browser)/./node_modules/next/dist/client/components/react-dev-overlay/app/hot-reloader-client.js:67
[ 7602581ms] [LOG] [Fast Refresh] rebuilding @ webpack-internal:///(app-pages-browser)/./node_modules/next/dist/client/components/react-dev-overlay/app/hot-reloader-client.js:240
[ 7603253ms] [LOG] [Fast Refresh] done in 672ms @ webpack-internal:///(app-pages-browser)/./node_modules/next/dist/client/components/react-dev-overlay/app/hot-reloader-client.js:67
[ 7603610ms] [LOG] [Fast Refresh] rebuilding @ webpack-internal:///(app-pages-browser)/./node_modules/next/dist/client/components/react-dev-overlay/app/hot-reloader-client.js:240
[ 7603742ms] [LOG] [Fast Refresh] done in 131ms @ webpack-internal:///(app-pages-browser)/./node_modules/next/dist/client/components/react-dev-overlay/app/hot-reloader-client.js:67
[ 7606820ms] [WARNING] Warning: Missing `Description` or `aria-describedby={undefined}` for {DialogContent}. @ webpack-internal:///(app-pages-browser)/./node_modules/@radix-ui/react-dialog/dist/index.mjs:476
[ 7606822ms] [WARNING] Warning: Missing `Description` or `aria-describedby={undefined}` for {DialogContent}. @ webpack-internal:///(app-pages-browser)/./node_modules/@radix-ui/react-dialog/dist/index.mjs:476
[ 7608665ms] [INFO] %cDownload the React DevTools for a better development experience: https://react.dev/link/react-devtools font-weight:bold @ webpack-internal:///(app-pages-browser)/./node_modules/next/dist/compiled/react-dom/cjs/react-dom-client.development.js:24503
[ 7608858ms] [WARNING] Image with src "/cover-example-2.jpg" was detected as the Largest Contentful Paint (LCP). Please add the "priority" property if this image is above the fold.
Read more: https://nextjs.org/docs/api-reference/next/image#priority @ webpack-internal:///(app-pages-browser)/./node_modules/next/dist/shared/lib/utils/warn-once.js:15
[ 7609366ms] [WARNING] Warning: Missing `Description` or `aria-describedby={undefined}` for {DialogContent}. @ webpack-internal:///(app-pages-browser)/./node_modules/@radix-ui/react-dialog/dist/index.mjs:476
[ 7609367ms] [WARNING] Warning: Missing `Description` or `aria-describedby={undefined}` for {DialogContent}. @ webpack-internal:///(app-pages-browser)/./node_modules/@radix-ui/react-dialog/dist/index.mjs:476
[ 7614799ms] [INFO] %cDownload the React DevTools for a better development experience: https://react.dev/link/react-devtools font-weight:bold @ webpack-internal:///(app-pages-browser)/./node_modules/next/dist/compiled/react-dom/cjs/react-dom-client.development.js:24503
[ 7614929ms] [WARNING] Image with src "/cover-example-2.jpg" was detected as the Largest Contentful Paint (LCP). Please add the "priority" property if this image is above the fold.
Read more: https://nextjs.org/docs/api-reference/next/image#priority @ webpack-internal:///(app-pages-browser)/./node_modules/next/dist/shared/lib/utils/warn-once.js:15
[ 7630878ms] [LOG] [Fast Refresh] rebuilding @ webpack-internal:///(app-pages-browser)/./node_modules/next/dist/client/components/react-dev-overlay/app/hot-reloader-client.js:240
[ 7631164ms] [LOG] [Fast Refresh] done in 288ms @ webpack-internal:///(app-pages-browser)/./node_modules/next/dist/client/components/react-dev-overlay/app/hot-reloader-client.js:67
[ 7639834ms] [INFO] %cDownload the React DevTools for a better development experience: https://react.dev/link/react-devtools font-weight:bold @ webpack-internal:///(app-pages-browser)/./node_modules/next/dist/compiled/react-dom/cjs/react-dom-client.development.js:24503
[ 7639964ms] [WARNING] Image with src "/cover-example-2.jpg" was detected as the Largest Contentful Paint (LCP). Please add the "priority" property if this image is above the fold.
Read more: https://nextjs.org/docs/api-reference/next/image#priority @ webpack-internal:///(app-pages-browser)/./node_modules/next/dist/shared/lib/utils/warn-once.js:15
[ 7640464ms] [WARNING] Warning: Missing `Description` or `aria-describedby={undefined}` for {DialogContent}. @ webpack-internal:///(app-pages-browser)/./node_modules/@radix-ui/react-dialog/dist/index.mjs:476
[ 7640465ms] [WARNING] Warning: Missing `Description` or `aria-describedby={undefined}` for {DialogContent}. @ webpack-internal:///(app-pages-browser)/./node_modules/@radix-ui/react-dialog/dist/index.mjs:476
[ 7690754ms] [INFO] %cDownload the React DevTools for a better development experience: https://react.dev/link/react-devtools font-weight:bold @ webpack-internal:///(app-pages-browser)/./node_modules/next/dist/compiled/react-dom/cjs/react-dom-client.development.js:24503
[ 7690908ms] [WARNING] Image with src "/cover-example.jpg" was detected as the Largest Contentful Paint (LCP). Please add the "priority" property if this image is above the fold.
Read more: https://nextjs.org/docs/api-reference/next/image#priority @ webpack-internal:///(app-pages-browser)/./node_modules/next/dist/shared/lib/utils/warn-once.js:15
[ 7690924ms] [WARNING] Image with src "/cover-example-2.jpg" was detected as the Largest Contentful Paint (LCP). Please add the "priority" property if this image is above the fold.
Read more: https://nextjs.org/docs/api-reference/next/image#priority @ webpack-internal:///(app-pages-browser)/./node_modules/next/dist/shared/lib/utils/warn-once.js:15
[ 7692514ms] [INFO] %cDownload the React DevTools for a better development experience: https://react.dev/link/react-devtools font-weight:bold @ webpack-internal:///(app-pages-browser)/./node_modules/next/dist/compiled/react-dom/cjs/react-dom-client.development.js:24503
[ 7692641ms] [WARNING] Image with src "/cover-example-2.jpg" was detected as the Largest Contentful Paint (LCP). Please add the "priority" property if this image is above the fold.
Read more: https://nextjs.org/docs/api-reference/next/image#priority @ webpack-internal:///(app-pages-browser)/./node_modules/next/dist/shared/lib/utils/warn-once.js:15
[ 7693069ms] [WARNING] Warning: Missing `Description` or `aria-describedby={undefined}` for {DialogContent}. @ webpack-internal:///(app-pages-browser)/./node_modules/@radix-ui/react-dialog/dist/index.mjs:476
[ 7693070ms] [WARNING] Warning: Missing `Description` or `aria-describedby={undefined}` for {DialogContent}. @ webpack-internal:///(app-pages-browser)/./node_modules/@radix-ui/react-dialog/dist/index.mjs:476
[ 7694677ms] [LOG] click @ webpack-internal:///(app-pages-browser)/./src/shared/uiKit/Logo/Logo.jsx:11
[ 7694865ms] [WARNING] Skipping auto-scroll behavior due to `position: sticky` or `position: fixed` on element: JSHandle@node @ webpack-internal:///(app-pages-browser)/./node_modules/next/dist/client/components/layout-router.js:95
[ 7724988ms] [LOG] [Fast Refresh] rebuilding @ webpack-internal:///(app-pages-browser)/./node_modules/next/dist/client/components/react-dev-overlay/app/hot-reloader-client.js:240
[ 7725370ms] [LOG] [Fast Refresh] done in 382ms @ webpack-internal:///(app-pages-browser)/./node_modules/next/dist/client/components/react-dev-overlay/app/hot-reloader-client.js:67
[ 7727362ms] [INFO] %cDownload the React DevTools for a better development experience: https://react.dev/link/react-devtools font-weight:bold @ webpack-internal:///(app-pages-browser)/./node_modules/next/dist/compiled/react-dom/cjs/react-dom-client.development.js:24503
[ 7727504ms] [WARNING] Image with src "/cover-example-1.jpg" was detected as the Largest Contentful Paint (LCP). Please add the "priority" property if this image is above the fold.
Read more: https://nextjs.org/docs/api-reference/next/image#priority @ webpack-internal:///(app-pages-browser)/./node_modules/next/dist/shared/lib/utils/warn-once.js:15
[ 7728206ms] [LOG] click @ webpack-internal:///(app-pages-browser)/./src/shared/uiKit/Logo/Logo.jsx:11
[ 7728274ms] [WARNING] Skipping auto-scroll behavior due to `position: sticky` or `position: fixed` on element: JSHandle@node @ webpack-internal:///(app-pages-browser)/./node_modules/next/dist/client/components/layout-router.js:95
[ 7729598ms] [WARNING] Skipping auto-scroll behavior due to `position: sticky` or `position: fixed` on element: JSHandle@node @ webpack-internal:///(app-pages-browser)/./node_modules/next/dist/client/components/layout-router.js:95
[ 7730647ms] [WARNING] Warning: Missing `Description` or `aria-describedby={undefined}` for {DialogContent}. @ webpack-internal:///(app-pages-browser)/./node_modules/@radix-ui/react-dialog/dist/index.mjs:476
[ 7730648ms] [WARNING] Warning: Missing `Description` or `aria-describedby={undefined}` for {DialogContent}. @ webpack-internal:///(app-pages-browser)/./node_modules/@radix-ui/react-dialog/dist/index.mjs:476
[ 7733679ms] [WARNING] The resource http://localhost:3000/_next/image?url=%2Fguillermo-ferla-Oze6U2m1oYU-unsplash.jpg&w=3840&q=75 was preloaded using link preload but not used within a few seconds from the window's load event. Please make sure it has an appropriate `as` value and it is preloaded intentionally. @ http://localhost:3000/book-club:0
[ 7756991ms] [WARNING] Warning: Missing `Description` or `aria-describedby={undefined}` for {DialogContent}. @ webpack-internal:///(app-pages-browser)/./node_modules/@radix-ui/react-dialog/dist/index.mjs:476
[ 7756992ms] [WARNING] Warning: Missing `Description` or `aria-describedby={undefined}` for {DialogContent}. @ webpack-internal:///(app-pages-browser)/./node_modules/@radix-ui/react-dialog/dist/index.mjs:476
[ 7760032ms] [WARNING] The resource http://localhost:3000/_next/image?url=%2Fguillermo-ferla-Oze6U2m1oYU-unsplash.jpg&w=3840&q=75 was preloaded using link preload but not used within a few seconds from the window's load event. Please make sure it has an appropriate `as` value and it is preloaded intentionally. @ http://localhost:3000/book-club:0
[ 7769461ms] [WARNING] The resource http://localhost:3000/_next/image?url=%2Fguillermo-ferla-Oze6U2m1oYU-unsplash.jpg&w=3840&q=75 was preloaded using link preload but not used within a few seconds from the window's load event. Please make sure it has an appropriate `as` value and it is preloaded intentionally. @ http://localhost:3000/book-club:0
[ 7778657ms] [WARNING] Warning: Missing `Description` or `aria-describedby={undefined}` for {DialogContent}. @ webpack-internal:///(app-pages-browser)/./node_modules/@radix-ui/react-dialog/dist/index.mjs:476
[ 7778658ms] [WARNING] Warning: Missing `Description` or `aria-describedby={undefined}` for {DialogContent}. @ webpack-internal:///(app-pages-browser)/./node_modules/@radix-ui/react-dialog/dist/index.mjs:476
[ 7837461ms] [LOG] click @ webpack-internal:///(app-pages-browser)/./src/shared/uiKit/Logo/Logo.jsx:11
[ 7837543ms] [WARNING] Skipping auto-scroll behavior due to `position: sticky` or `position: fixed` on element: JSHandle@node @ webpack-internal:///(app-pages-browser)/./node_modules/next/dist/client/components/layout-router.js:95
[ 7883621ms] [WARNING] Skipping auto-scroll behavior due to `position: sticky` or `position: fixed` on element: JSHandle@node @ webpack-internal:///(app-pages-browser)/./node_modules/next/dist/client/components/layout-router.js:95
[ 7889705ms] [WARNING] Warning: Missing `Description` or `aria-describedby={undefined}` for {DialogContent}. @ webpack-internal:///(app-pages-browser)/./node_modules/@radix-ui/react-dialog/dist/index.mjs:476
[ 7889707ms] [WARNING] Warning: Missing `Description` or `aria-describedby={undefined}` for {DialogContent}. @ webpack-internal:///(app-pages-browser)/./node_modules/@radix-ui/react-dialog/dist/index.mjs:476
[ 7899941ms] [WARNING] Skipping auto-scroll behavior due to `position: sticky` or `position: fixed` on element: JSHandle@node @ webpack-internal:///(app-pages-browser)/./node_modules/next/dist/client/components/layout-router.js:95
[ 7900278ms] [WARNING] Skipping auto-scroll behavior due to `position: sticky` or `position: fixed` on element: JSHandle@node @ webpack-internal:///(app-pages-browser)/./node_modules/next/dist/client/components/layout-router.js:95
[ 7901102ms] [WARNING] Warning: Missing `Description` or `aria-describedby={undefined}` for {DialogContent}. @ webpack-internal:///(app-pages-browser)/./node_modules/@radix-ui/react-dialog/dist/index.mjs:476
[ 7901103ms] [WARNING] Warning: Missing `Description` or `aria-describedby={undefined}` for {DialogContent}. @ webpack-internal:///(app-pages-browser)/./node_modules/@radix-ui/react-dialog/dist/index.mjs:476
[ 8042506ms] [WARNING] Warning: Missing `Description` or `aria-describedby={undefined}` for {DialogContent}. @ webpack-internal:///(app-pages-browser)/./node_modules/@radix-ui/react-dialog/dist/index.mjs:476
[ 8042511ms] [WARNING] Warning: Missing `Description` or `aria-describedby={undefined}` for {DialogContent}. @ webpack-internal:///(app-pages-browser)/./node_modules/@radix-ui/react-dialog/dist/index.mjs:476
