[     857ms] [INFO] %cDownload the React DevTools for a better development experience: https://react.dev/link/react-devtools font-weight:bold @ webpack-internal:///(app-pages-browser)/./node_modules/next/dist/compiled/react-dom/cjs/react-dom-client.development.js:24503
[    1064ms] [WARNING] Image with src "/img-nesishestvyushii-prichal-cover.jpg" was detected as the Largest Contentful Paint (LCP). Please add the "priority" property if this image is above the fold.
Read more: https://nextjs.org/docs/api-reference/next/image#priority @ webpack-internal:///(app-pages-browser)/./node_modules/next/dist/shared/lib/utils/warn-once.js:15
[    1073ms] [WARNING] ./src/shared/uiKit/ButtonTool/ButtonTool.jsx
Attempted import error: 'PlusIcon' is not exported from '@/shared/icons' (imported as 'PlusIcon'). @ webpack-internal:///(app-pages-browser)/./node_modules/next/dist/client/components/react-dev-overlay/app/hot-reloader-client.js:281
[  217885ms] [LOG] [Fast Refresh] rebuilding @ webpack-internal:///(app-pages-browser)/./node_modules/next/dist/client/components/react-dev-overlay/app/hot-reloader-client.js:240
[  219388ms] [ERROR] src/app/book-club/page.js
Invariant: Expected to replace all template variables, missing VAR_MODULE_GLOBAL_ERROR in template @ webpack-internal:///(app-pages-browser)/./node_modules/next/dist/client/components/globals/intercept-console-error.js:55
[  219390ms] [ERROR] ./node_modules/next/dist/build/webpack/loaders/next-flight-loader/module-proxy.js:11:1
Module not found: Can't resolve 'react-server-dom-webpack/server'

https://nextjs.org/docs/messages/module-not-found

Import trace for requested module:
./node_modules/next/dist/client/components/http-access-fallback/error-boundary.js
./node_modules/next/dist/server/app-render/entry-base.js @ webpack-internal:///(app-pages-browser)/./node_modules/next/dist/client/components/globals/intercept-console-error.js:55
[  219391ms] [ERROR] ./node_modules/next/dist/client/components/not-found-error.js
Error: Failed to read source code from /Users/ilmirsultanov/Projects/kidstartclub/front/node_modules/next/dist/client/components/not-found-error.js

Caused by:
    No such file or directory (os error 2)

Import trace for requested module:
./node_modules/next/dist/client/components/not-found-error.js @ webpack-internal:///(app-pages-browser)/./node_modules/next/dist/client/components/globals/intercept-console-error.js:55
[  219392ms] [ERROR] ./node_modules/next/dist/server/app-render/collect-segment-data.js:28:1
Module not found: Can't resolve 'react-server-dom-webpack/static'

https://nextjs.org/docs/messages/module-not-found

Import trace for requested module:
./node_modules/next/dist/server/app-render/entry-base.js @ webpack-internal:///(app-pages-browser)/./node_modules/next/dist/client/components/globals/intercept-console-error.js:55
[  219392ms] [ERROR] ./node_modules/next/dist/server/app-render/entry-base.js:160:1
Module not found: Can't resolve 'react-server-dom-webpack/server'

https://nextjs.org/docs/messages/module-not-found @ webpack-internal:///(app-pages-browser)/./node_modules/next/dist/client/components/globals/intercept-console-error.js:55
[  219393ms] [ERROR] ./node_modules/next/dist/server/app-render/entry-base.js:161:1
Module not found: Can't resolve 'react-server-dom-webpack/static'

https://nextjs.org/docs/messages/module-not-found @ webpack-internal:///(app-pages-browser)/./node_modules/next/dist/client/components/globals/intercept-console-error.js:55
[  219394ms] [ERROR] ./node_modules/next/dist/server/app-render/instant-validation/instant-validation.js:46:1
Module not found: Can't resolve 'react-server-dom-webpack/server'

https://nextjs.org/docs/messages/module-not-found

Import trace for requested module:
./node_modules/next/dist/server/app-render/entry-base.js @ webpack-internal:///(app-pages-browser)/./node_modules/next/dist/client/components/globals/intercept-console-error.js:55
[  219395ms] [ERROR] ./node_modules/next/dist/server/route-modules/app-page/vendored/rsc/react-server-dom-webpack-server-edge.js
Error: ENOENT: no such file or directory, open '/Users/ilmirsultanov/Projects/kidstartclub/front/node_modules/next/dist/server/route-modules/app-page/vendored/rsc/react-server-dom-webpack-server-edge.js'

Import trace for requested module:
./node_modules/next/dist/server/route-modules/app-page/vendored/rsc/react-server-dom-webpack-server-edge.js
./src/shared/providers/EmotionProvider.jsx
./src/shared/providers/providers.jsx
./src/app/layout.js @ webpack-internal:///(app-pages-browser)/./node_modules/next/dist/client/components/globals/intercept-console-error.js:55
[  219399ms] [WARNING] ./src/shared/uiKit/ButtonTool/ButtonTool.jsx
Attempted import error: 'PlusIcon' is not exported from '@/shared/icons' (imported as 'PlusIcon').

Import trace for requested module:
./src/shared/uiKit/ButtonTool/ButtonTool.jsx
./src/shared/uiKit/ButtonTool/index.js
./src/widgets/Header/Header.jsx @ webpack-internal:///(app-pages-browser)/./node_modules/next/dist/client/components/react-dev-overlay/app/hot-reloader-client.js:281
[  219402ms] [LOG] [Fast Refresh] done in 1541ms @ webpack-internal:///(app-pages-browser)/./node_modules/next/dist/client/components/react-dev-overlay/app/hot-reloader-client.js:67
[  221031ms] [ERROR] ./node_modules/next/dist/lib/require-instrumentation-client.js:11:1
Module not found: Can't resolve 'private-next-instrumentation-client'

https://nextjs.org/docs/messages/module-not-found

Import trace for requested module:
./node_modules/next/dist/client/app-next-dev.js @ webpack-internal:///(app-pages-browser)/./node_modules/next/dist/client/components/globals/intercept-console-error.js:55
[  221134ms] [LOG] [Fast Refresh] rebuilding @ webpack-internal:///(app-pages-browser)/./node_modules/next/dist/client/components/react-dev-overlay/app/hot-reloader-client.js:240
[  221139ms] [ERROR] src/app/book-club/page.js
Invariant: Expected to replace all template variables, missing VAR_MODULE_GLOBAL_ERROR in template @ webpack-internal:///(app-pages-browser)/./node_modules/next/dist/client/components/globals/intercept-console-error.js:55
[  221140ms] [ERROR] ./node_modules/next/dist/build/webpack/loaders/next-flight-loader/module-proxy.js:11:1
Module not found: Can't resolve 'react-server-dom-webpack/server'

https://nextjs.org/docs/messages/module-not-found

Import trace for requested module:
./node_modules/next/dist/client/components/error-boundary.js @ webpack-internal:///(app-pages-browser)/./node_modules/next/dist/client/components/globals/intercept-console-error.js:55
[  221140ms] [ERROR] ./node_modules/next/dist/client/components/not-found-error.js
Error: Failed to read source code from /Users/ilmirsultanov/Projects/kidstartclub/front/node_modules/next/dist/client/components/not-found-error.js

Caused by:
    No such file or directory (os error 2)

Import trace for requested module:
./node_modules/next/dist/client/components/not-found-error.js @ webpack-internal:///(app-pages-browser)/./node_modules/next/dist/client/components/globals/intercept-console-error.js:55
[  221140ms] [ERROR] ./node_modules/next/dist/server/app-render/collect-segment-data.js:28:1
Module not found: Can't resolve 'react-server-dom-webpack/static'

https://nextjs.org/docs/messages/module-not-found

Import trace for requested module:
./node_modules/next/dist/server/app-render/entry-base.js @ webpack-internal:///(app-pages-browser)/./node_modules/next/dist/client/components/globals/intercept-console-error.js:55
[  221140ms] [ERROR] ./node_modules/next/dist/server/app-render/entry-base.js:160:1
Module not found: Can't resolve 'react-server-dom-webpack/server'

https://nextjs.org/docs/messages/module-not-found @ webpack-internal:///(app-pages-browser)/./node_modules/next/dist/client/components/globals/intercept-console-error.js:55
[  221140ms] [ERROR] ./node_modules/next/dist/server/app-render/entry-base.js:161:1
Module not found: Can't resolve 'react-server-dom-webpack/static'

https://nextjs.org/docs/messages/module-not-found @ webpack-internal:///(app-pages-browser)/./node_modules/next/dist/client/components/globals/intercept-console-error.js:55
[  221140ms] [ERROR] ./node_modules/next/dist/server/app-render/instant-validation/instant-validation.js:46:1
Module not found: Can't resolve 'react-server-dom-webpack/server'

https://nextjs.org/docs/messages/module-not-found

Import trace for requested module:
./node_modules/next/dist/server/app-render/entry-base.js @ webpack-internal:///(app-pages-browser)/./node_modules/next/dist/client/components/globals/intercept-console-error.js:55
[  221141ms] [ERROR] ./node_modules/next/dist/server/route-modules/app-page/vendored/rsc/react-server-dom-webpack-server-edge.js
Error: ENOENT: no such file or directory, open '/Users/ilmirsultanov/Projects/kidstartclub/front/node_modules/next/dist/server/route-modules/app-page/vendored/rsc/react-server-dom-webpack-server-edge.js'

Import trace for requested module:
./node_modules/next/dist/server/route-modules/app-page/vendored/rsc/react-server-dom-webpack-server-edge.js
./src/shared/providers/EmotionProvider.jsx
./src/shared/providers/providers.jsx
./src/app/layout.js @ webpack-internal:///(app-pages-browser)/./node_modules/next/dist/client/components/globals/intercept-console-error.js:55
[  222568ms] [ERROR] ./node_modules/next/dist/lib/require-instrumentation-client.js:11:1
Module not found: Can't resolve 'private-next-instrumentation-client'

https://nextjs.org/docs/messages/module-not-found

Import trace for requested module:
./node_modules/next/dist/client/app-next-dev.js @ webpack-internal:///(app-pages-browser)/./node_modules/next/dist/client/components/globals/intercept-console-error.js:55
[  223328ms] [ERROR] ./node_modules/next/dist/lib/require-instrumentation-client.js:11:1
Module not found: Can't resolve 'private-next-instrumentation-client'

https://nextjs.org/docs/messages/module-not-found

Import trace for requested module:
./node_modules/next/dist/client/page-bootstrap.js
./node_modules/next/dist/client/next-dev.js @ webpack-internal:///(app-pages-browser)/./node_modules/next/dist/client/components/globals/intercept-console-error.js:55
[  223328ms] [ERROR] ./node_modules/next/dist/lib/require-instrumentation-client.js:11:1
Module not found: Can't resolve 'private-next-instrumentation-client'

https://nextjs.org/docs/messages/module-not-found

Import trace for requested module:
./node_modules/next/dist/client/app-next-dev.js @ webpack-internal:///(app-pages-browser)/./node_modules/next/dist/client/components/globals/intercept-console-error.js:55
[  223512ms] [LOG] [Fast Refresh] rebuilding @ webpack-internal:///(app-pages-browser)/./node_modules/next/dist/client/components/react-dev-overlay/app/hot-reloader-client.js:240
[  223591ms] [ERROR] src/app/book-club/page.js
Invariant: Expected to replace all template variables, missing VAR_MODULE_GLOBAL_ERROR in template @ webpack-internal:///(app-pages-browser)/./node_modules/next/dist/client/components/globals/intercept-console-error.js:55
[  223591ms] [ERROR] ./node_modules/next/dist/build/webpack/loaders/next-flight-loader/module-proxy.js:11:1
Module not found: Can't resolve 'react-server-dom-webpack/server'

https://nextjs.org/docs/messages/module-not-found

Import trace for requested module:
./node_modules/next/dist/client/components/error-boundary.js @ webpack-internal:///(app-pages-browser)/./node_modules/next/dist/client/components/globals/intercept-console-error.js:55
[  223591ms] [ERROR] ./node_modules/next/dist/client/components/not-found-error.js
Error: Failed to read source code from /Users/ilmirsultanov/Projects/kidstartclub/front/node_modules/next/dist/client/components/not-found-error.js

Caused by:
    No such file or directory (os error 2)

Import trace for requested module:
./node_modules/next/dist/client/components/not-found-error.js @ webpack-internal:///(app-pages-browser)/./node_modules/next/dist/client/components/globals/intercept-console-error.js:55
[  223591ms] [ERROR] ./node_modules/next/dist/server/app-render/collect-segment-data.js:28:1
Module not found: Can't resolve 'react-server-dom-webpack/static'

https://nextjs.org/docs/messages/module-not-found

Import trace for requested module:
./node_modules/next/dist/server/app-render/entry-base.js @ webpack-internal:///(app-pages-browser)/./node_modules/next/dist/client/components/globals/intercept-console-error.js:55
[  223591ms] [ERROR] ./node_modules/next/dist/server/app-render/entry-base.js:160:1
Module not found: Can't resolve 'react-server-dom-webpack/server'

https://nextjs.org/docs/messages/module-not-found @ webpack-internal:///(app-pages-browser)/./node_modules/next/dist/client/components/globals/intercept-console-error.js:55
[  223591ms] [ERROR] ./node_modules/next/dist/server/app-render/entry-base.js:161:1
Module not found: Can't resolve 'react-server-dom-webpack/static'

https://nextjs.org/docs/messages/module-not-found @ webpack-internal:///(app-pages-browser)/./node_modules/next/dist/client/components/globals/intercept-console-error.js:55
[  223591ms] [ERROR] ./node_modules/next/dist/server/app-render/instant-validation/instant-validation.js:46:1
Module not found: Can't resolve 'react-server-dom-webpack/server'

https://nextjs.org/docs/messages/module-not-found

Import trace for requested module:
./node_modules/next/dist/server/app-render/entry-base.js @ webpack-internal:///(app-pages-browser)/./node_modules/next/dist/client/components/globals/intercept-console-error.js:55
[  223591ms] [ERROR] ./node_modules/next/dist/server/route-modules/app-page/vendored/rsc/react-server-dom-webpack-server-edge.js
Error: ENOENT: no such file or directory, open '/Users/ilmirsultanov/Projects/kidstartclub/front/node_modules/next/dist/server/route-modules/app-page/vendored/rsc/react-server-dom-webpack-server-edge.js'

Import trace for requested module:
./node_modules/next/dist/server/route-modules/app-page/vendored/rsc/react-server-dom-webpack-server-edge.js
./src/shared/providers/EmotionProvider.jsx
./src/shared/providers/providers.jsx
./src/app/layout.js @ webpack-internal:///(app-pages-browser)/./node_modules/next/dist/client/components/globals/intercept-console-error.js:55
[  224412ms] [ERROR] Failed to load resource: the server responded with a status of 500 (Internal Server Error) @ http://localhost:3000/book-club?_rsc=wz6k3:0
[  225084ms] [ERROR] Failed to load resource: the server responded with a status of 500 (Internal Server Error) @ http://localhost:3000/book-club?_rsc=wz6k3:0
[  225749ms] [ERROR] Failed to load resource: the server responded with a status of 500 (Internal Server Error) @ http://localhost:3000/book-club?_rsc=wz6k3:0
[  226659ms] [ERROR] Failed to load resource: the server responded with a status of 500 (Internal Server Error) @ http://localhost:3000/book-club:0
[  362677ms] [ERROR] Failed to load resource: the server responded with a status of 500 (Internal Server Error) @ http://localhost:3000/book-club:0
[  362818ms] [INFO] %cDownload the React DevTools for a better development experience: https://react.dev/link/react-devtools font-weight:bold @ http://localhost:3000/_next/static/chunks/node_modules_react-dom_0bruynb._.js:13920
[  362907ms] Error: ./src/shared/uiKit/ButtonTool/ButtonTool.jsx:6:1
Export PlusIcon doesn't exist in target module
  4 | import PropTypes from 'prop-types';
  5 | import { useTheme } from '@emotion/react';
> 6 | import { PlusIcon } from '@/shared/icons';
    | ^^^^^^^^^^^^^^^^^^^^^^^^^^^^^^^^^^^^^^^^^^
  7 |
  8 | export const ButtonTool = memo(
  9 |   forwardRef(

The export PlusIcon was not found in module [project]/src/shared/icons/index.js [app-client] (ecmascript).
Did you mean to import CrossIcon?
All exports of the module are statically known (It doesn't have dynamic exports). So it's known statically that the requested export doesn't exist.

Import traces:
  #1 [Client Component Browser]:
    ./src/shared/uiKit/ButtonTool/ButtonTool.jsx [Client Component Browser]
    ./src/widgets/Header/Header.jsx [Client Component Browser]
    ./src/widgets/Header/Header.jsx [Server Component]
    ./src/app/page.js [Server Component]

  #2 [Client Component SSR]:
    ./src/shared/uiKit/ButtonTool/ButtonTool.jsx [Client Component SSR]
    ./src/widgets/Header/Header.jsx [Client Component SSR]
    ./src/widgets/Header/Header.jsx [Server Component]
    ./src/app/page.js [Server Component]

  #3 [Client Component Browser]:
    ./src/shared/uiKit/ButtonTool/ButtonTool.jsx [Client Component Browser]
    ./src/shared/uiKit/Dialog/Dialog.jsx [Client Component Browser]
    ./src/games/dotByDot/ui/Playground.jsx [Client Component Browser]
    ./src/games/dotByDot/index.ts [Client Component Browser]
    ./src/app/store/index.js [Client Component Browser]
    ./src/shared/providers/store/index.js [Client Component Browser]
    ./src/shared/providers/store/index.js [Server Component]
    ./src/shared/providers/providers.jsx [Server Component]
    ./src/app/layout.js [Server Component]

  #4 [Client Component SSR]:
    ./src/shared/uiKit/ButtonTool/ButtonTool.jsx [Client Component SSR]
    ./src/shared/uiKit/Dialog/Dialog.jsx [Client Component SSR]
    ./src/games/dotByDot/ui/Playground.jsx [Client Component SSR]
    ./src/games/dotByDot/index.ts [Client Component SSR]
    ./src/app/store/index.js [Client Component SSR]
    ./src/shared/providers/store/index.js [Client Component SSR]
    ./src/shared/providers/store/index.js [Server Component]
    ./src/shared/providers/providers.jsx [Server Component]
    ./src/app/layout.js [Server Component]


    at <unknown> (Error: ./src/shared/uiKit/ButtonTool/ButtonTool.jsx:6:1)
    at Object.getCompilationErrors (file:///Users/ilmirsultanov/Projects/kidstartclub/front/node_modules/next/dist/server/dev/hot-reloader-turbopack.js:1186:59)
    at DevBundlerService.getCompilationError (file:///Users/ilmirsultanov/Projects/kidstartclub/front/node_modules/next/dist/server/lib/dev-bundler-service.js:44:55)
    at DevServer.getCompilationError (file:///Users/ilmirsultanov/Projects/kidstartclub/front/node_modules/next/dist/server/dev/next-dev-server.js:719:42)
    at DevServer.findPageComponents (file:///Users/ilmirsultanov/Projects/kidstartclub/front/node_modules/next/dist/server/dev/next-dev-server.js:689:43)
    at async DevServer.renderErrorToResponseImpl (file:///Users/ilmirsultanov/Projects/kidstartclub/front/node_modules/next/dist/server/base-server.js:1745:26)
[  362897ms] [LOG] [HMR] connected @ http://localhost:3000/_next/static/chunks/node_modules_next_dist_0u_w_5s._.js:1226
[  362904ms] [ERROR] ./src/shared/uiKit/ButtonTool/ButtonTool.jsx:6:1
Export PlusIcon doesn't exist in target module
  4 | import PropTypes from 'prop-types';
  5 | import { useTheme } from '@emotion/react';
> 6 | import { PlusIcon } from '@/shared/icons';
    | ^^^^^^^^^^^^^^^^^^^^^^^^^^^^^^^^^^^^^^^^^^
  7 |
  8 | export const ButtonTool = memo(
  9 |   forwardRef(

The export PlusIcon was not found in module [project]/src/shared/icons/index.js [app-client] (ecmascript).
Did you mean to import CrossIcon?
All exports of the module are statically known (It doesn't have dynamic exports). So it's known statically that the requested export doesn't exist.

Import traces:
  #1 [Client Component Browser]:
    ./src/shared/uiKit/ButtonTool/ButtonTool.jsx [Client Component Browser]
    ./src/widgets/Header/Header.jsx [Client Component Browser]
    ./src/widgets/Header/Header.jsx [Server Component]
    ./src/app/page.js [Server Component]

  #2 [Client Component SSR]:
    ./src/shared/uiKit/ButtonTool/ButtonTool.jsx [Client Component SSR]
    ./src/widgets/Header/Header.jsx [Client Component SSR]
    ./src/widgets/Header/Header.jsx [Server Component]
    ./src/app/page.js [Server Component]

  #3 [Client Component Browser]:
    ./src/shared/uiKit/ButtonTool/ButtonTool.jsx [Client Component Browser]
    ./src/shared/uiKit/Dialog/Dialog.jsx [Client Component Browser]
    ./src/games/dotByDot/ui/Playground.jsx [Client Component Browser]
    ./src/games/dotByDot/index.ts [Client Component Browser]
    ./src/app/store/index.js [Client Component Browser]
    ./src/shared/providers/store/index.js [Client Component Browser]
    ./src/shared/providers/store/index.js [Server Component]
    ./src/shared/providers/providers.jsx [Server Component]
    ./src/app/layout.js [Server Component]

  #4 [Client Component SSR]:
    ./src/shared/uiKit/ButtonTool/ButtonTool.jsx [Client Component SSR]
    ./src/shared/uiKit/Dialog/Dialog.jsx [Client Component SSR]
    ./src/games/dotByDot/ui/Playground.jsx [Client Component SSR]
    ./src/games/dotByDot/index.ts [Client Component SSR]
    ./src/app/store/index.js [Client Component SSR]
    ./src/shared/providers/store/index.js [Client Component SSR]
    ./src/shared/providers/store/index.js [Server Component]
    ./src/shared/providers/providers.jsx [Server Component]
    ./src/app/layout.js [Server Component] @ http://localhost:3000/_next/static/chunks/node_modules_next_dist_0u_w_5s._.js:1945
[  362904ms] [ERROR] ./src/shared/uiKit/ButtonTool/ButtonTool.jsx:6:1
Export PlusIcon doesn't exist in target module
  4 | import PropTypes from 'prop-types';
  5 | import { useTheme } from '@emotion/react';
> 6 | import { PlusIcon } from '@/shared/icons';
    | ^^^^^^^^^^^^^^^^^^^^^^^^^^^^^^^^^^^^^^^^^^
  7 |
  8 | export const ButtonTool = memo(
  9 |   forwardRef(

The export PlusIcon was not found in module [project]/src/shared/icons/index.js [app-ssr] (ecmascript).
Did you mean to import CrossIcon?
All exports of the module are statically known (It doesn't have dynamic exports). So it's known statically that the requested export doesn't exist.

Import traces:
  #1 [Client Component Browser]:
    ./src/shared/uiKit/ButtonTool/ButtonTool.jsx [Client Component Browser]
    ./src/widgets/Header/Header.jsx [Client Component Browser]
    ./src/widgets/Header/Header.jsx [Server Component]
    ./src/app/page.js [Server Component]

  #2 [Client Component SSR]:
    ./src/shared/uiKit/ButtonTool/ButtonTool.jsx [Client Component SSR]
    ./src/widgets/Header/Header.jsx [Client Component SSR]
    ./src/widgets/Header/Header.jsx [Server Component]
    ./src/app/page.js [Server Component]

  #3 [Client Component Browser]:
    ./src/shared/uiKit/ButtonTool/ButtonTool.jsx [Client Component Browser]
    ./src/shared/uiKit/Dialog/Dialog.jsx [Client Component Browser]
    ./src/games/dotByDot/ui/Playground.jsx [Client Component Browser]
    ./src/games/dotByDot/index.ts [Client Component Browser]
    ./src/app/store/index.js [Client Component Browser]
    ./src/shared/providers/store/index.js [Client Component Browser]
    ./src/shared/providers/store/index.js [Server Component]
    ./src/shared/providers/providers.jsx [Server Component]
    ./src/app/layout.js [Server Component]

  #4 [Client Component SSR]:
    ./src/shared/uiKit/ButtonTool/ButtonTool.jsx [Client Component SSR]
    ./src/shared/uiKit/Dialog/Dialog.jsx [Client Component SSR]
    ./src/games/dotByDot/ui/Playground.jsx [Client Component SSR]
    ./src/games/dotByDot/index.ts [Client Component SSR]
    ./src/app/store/index.js [Client Component SSR]
    ./src/shared/providers/store/index.js [Client Component SSR]
    ./src/shared/providers/store/index.js [Server Component]
    ./src/shared/providers/providers.jsx [Server Component]
    ./src/app/layout.js [Server Component] @ http://localhost:3000/_next/static/chunks/node_modules_next_dist_0u_w_5s._.js:1945
[  362904ms] [ERROR] ./src/shared/uiKit/ButtonTool/ButtonTool.jsx:6:1
Export PlusIcon doesn't exist in target module
  4 | import PropTypes from 'prop-types';
  5 | import { useTheme } from '@emotion/react';
> 6 | import { PlusIcon } from '@/shared/icons';
    | ^^^^^^^^^^^^^^^^^^^^^^^^^^^^^^^^^^^^^^^^^^
  7 |
  8 | export const ButtonTool = memo(
  9 |   forwardRef(

The export PlusIcon was not found in module [project]/src/shared/icons/index.js [app-client] (ecmascript).
Did you mean to import CrossIcon?
All exports of the module are statically known (It doesn't have dynamic exports). So it's known statically that the requested export doesn't exist.

Import traces:
  #1 [Client Component Browser]:
    ./src/shared/uiKit/ButtonTool/ButtonTool.jsx [Client Component Browser]
    ./src/widgets/Header/Header.jsx [Client Component Browser]
    ./src/widgets/Header/Header.jsx [Server Component]
    ./src/app/book-club/page.js [Server Component]

  #2 [Client Component SSR]:
    ./src/shared/uiKit/ButtonTool/ButtonTool.jsx [Client Component SSR]
    ./src/widgets/Header/Header.jsx [Client Component SSR]
    ./src/widgets/Header/Header.jsx [Server Component]
    ./src/app/book-club/page.js [Server Component]

  #3 [Client Component Browser]:
    ./src/shared/uiKit/ButtonTool/ButtonTool.jsx [Client Component Browser]
    ./src/shared/uiKit/Dialog/Dialog.jsx [Client Component Browser]
    ./src/games/dotByDot/ui/Playground.jsx [Client Component Browser]
    ./src/games/dotByDot/index.ts [Client Component Browser]
    ./src/app/store/index.js [Client Component Browser]
    ./src/shared/providers/store/index.js [Client Component Browser]
    ./src/shared/providers/store/index.js [Server Component]
    ./src/shared/providers/providers.jsx [Server Component]
    ./src/app/layout.js [Server Component]

  #4 [Client Component SSR]:
    ./src/shared/uiKit/ButtonTool/ButtonTool.jsx [Client Component SSR]
    ./src/shared/uiKit/Dialog/Dialog.jsx [Client Component SSR]
    ./src/games/dotByDot/ui/Playground.jsx [Client Component SSR]
    ./src/games/dotByDot/index.ts [Client Component SSR]
    ./src/app/store/index.js [Client Component SSR]
    ./src/shared/providers/store/index.js [Client Component SSR]
    ./src/shared/providers/store/index.js [Server Component]
    ./src/shared/providers/providers.jsx [Server Component]
    ./src/app/layout.js [Server Component] @ http://localhost:3000/_next/static/chunks/node_modules_next_dist_0u_w_5s._.js:1945
[  362905ms] [ERROR] ./src/shared/uiKit/ButtonTool/ButtonTool.jsx:6:1
Export PlusIcon doesn't exist in target module
  4 | import PropTypes from 'prop-types';
  5 | import { useTheme } from '@emotion/react';
> 6 | import { PlusIcon } from '@/shared/icons';
    | ^^^^^^^^^^^^^^^^^^^^^^^^^^^^^^^^^^^^^^^^^^
  7 |
  8 | export const ButtonTool = memo(
  9 |   forwardRef(

The export PlusIcon was not found in module [project]/src/shared/icons/index.js [app-ssr] (ecmascript).
Did you mean to import CrossIcon?
All exports of the module are statically known (It doesn't have dynamic exports). So it's known statically that the requested export doesn't exist.

Import traces:
  #1 [Client Component Browser]:
    ./src/shared/uiKit/ButtonTool/ButtonTool.jsx [Client Component Browser]
    ./src/widgets/Header/Header.jsx [Client Component Browser]
    ./src/widgets/Header/Header.jsx [Server Component]
    ./src/app/book-club/page.js [Server Component]

  #2 [Client Component SSR]:
    ./src/shared/uiKit/ButtonTool/ButtonTool.jsx [Client Component SSR]
    ./src/widgets/Header/Header.jsx [Client Component SSR]
    ./src/widgets/Header/Header.jsx [Server Component]
    ./src/app/book-club/page.js [Server Component]

  #3 [Client Component Browser]:
    ./src/shared/uiKit/ButtonTool/ButtonTool.jsx [Client Component Browser]
    ./src/shared/uiKit/Dialog/Dialog.jsx [Client Component Browser]
    ./src/games/dotByDot/ui/Playground.jsx [Client Component Browser]
    ./src/games/dotByDot/index.ts [Client Component Browser]
    ./src/app/store/index.js [Client Component Browser]
    ./src/shared/providers/store/index.js [Client Component Browser]
    ./src/shared/providers/store/index.js [Server Component]
    ./src/shared/providers/providers.jsx [Server Component]
    ./src/app/layout.js [Server Component]

  #4 [Client Component SSR]:
    ./src/shared/uiKit/ButtonTool/ButtonTool.jsx [Client Component SSR]
    ./src/shared/uiKit/Dialog/Dialog.jsx [Client Component SSR]
    ./src/games/dotByDot/ui/Playground.jsx [Client Component SSR]
    ./src/games/dotByDot/index.ts [Client Component SSR]
    ./src/app/store/index.js [Client Component SSR]
    ./src/shared/providers/store/index.js [Client Component SSR]
    ./src/shared/providers/store/index.js [Server Component]
    ./src/shared/providers/providers.jsx [Server Component]
    ./src/app/layout.js [Server Component] @ http://localhost:3000/_next/static/chunks/node_modules_next_dist_0u_w_5s._.js:1945
[  363020ms] [ERROR] ./src/shared/uiKit/ButtonTool/ButtonTool.jsx:6:1
Export PlusIcon doesn't exist in target module
  4 | import PropTypes from 'prop-types';
  5 | import { useTheme } from '@emotion/react';
> 6 | import { PlusIcon } from '@/shared/icons';
    | ^^^^^^^^^^^^^^^^^^^^^^^^^^^^^^^^^^^^^^^^^^
  7 |
  8 | export const ButtonTool = memo(
  9 |   forwardRef(

The export PlusIcon was not found in module [project]/src/shared/icons/index.js [app-client] (ecmascript).
Did you mean to import CrossIcon?
All exports of the module are statically known (It doesn't have dynamic exports). So it's known statically that the requested export doesn't exist.

Import traces:
  #1 [Client Component Browser]:
    ./src/shared/uiKit/ButtonTool/ButtonTool.jsx [Client Component Browser]
    ./src/widgets/Header/Header.jsx [Client Component Browser]
    ./src/widgets/Header/Header.jsx [Server Component]
    ./src/app/page.js [Server Component]

  #2 [Client Component SSR]:
    ./src/shared/uiKit/ButtonTool/ButtonTool.jsx [Client Component SSR]
    ./src/widgets/Header/Header.jsx [Client Component SSR]
    ./src/widgets/Header/Header.jsx [Server Component]
    ./src/app/page.js [Server Component]

  #3 [Client Component Browser]:
    ./src/shared/uiKit/ButtonTool/ButtonTool.jsx [Client Component Browser]
    ./src/shared/uiKit/Dialog/Dialog.jsx [Client Component Browser]
    ./src/games/dotByDot/ui/Playground.jsx [Client Component Browser]
    ./src/games/dotByDot/index.ts [Client Component Browser]
    ./src/app/store/index.js [Client Component Browser]
    ./src/shared/providers/store/index.js [Client Component Browser]
    ./src/shared/providers/store/index.js [Server Component]
    ./src/shared/providers/providers.jsx [Server Component]
    ./src/app/layout.js [Server Component]

  #4 [Client Component SSR]:
    ./src/shared/uiKit/ButtonTool/ButtonTool.jsx [Client Component SSR]
    ./src/shared/uiKit/Dialog/Dialog.jsx [Client Component SSR]
    ./src/games/dotByDot/ui/Playground.jsx [Client Component SSR]
    ./src/games/dotByDot/index.ts [Client Component SSR]
    ./src/app/store/index.js [Client Component SSR]
    ./src/shared/providers/store/index.js [Client Component SSR]
    ./src/shared/providers/store/index.js [Server Component]
    ./src/shared/providers/providers.jsx [Server Component]
    ./src/app/layout.js [Server Component] @ http://localhost:3000/_next/static/chunks/node_modules_next_dist_0u_w_5s._.js:1945
[  363021ms] [ERROR] ./src/shared/uiKit/ButtonTool/ButtonTool.jsx:6:1
Export PlusIcon doesn't exist in target module
  4 | import PropTypes from 'prop-types';
  5 | import { useTheme } from '@emotion/react';
> 6 | import { PlusIcon } from '@/shared/icons';
    | ^^^^^^^^^^^^^^^^^^^^^^^^^^^^^^^^^^^^^^^^^^
  7 |
  8 | export const ButtonTool = memo(
  9 |   forwardRef(

The export PlusIcon was not found in module [project]/src/shared/icons/index.js [app-ssr] (ecmascript).
Did you mean to import CrossIcon?
All exports of the module are statically known (It doesn't have dynamic exports). So it's known statically that the requested export doesn't exist.

Import traces:
  #1 [Client Component Browser]:
    ./src/shared/uiKit/ButtonTool/ButtonTool.jsx [Client Component Browser]
    ./src/widgets/Header/Header.jsx [Client Component Browser]
    ./src/widgets/Header/Header.jsx [Server Component]
    ./src/app/page.js [Server Component]

  #2 [Client Component SSR]:
    ./src/shared/uiKit/ButtonTool/ButtonTool.jsx [Client Component SSR]
    ./src/widgets/Header/Header.jsx [Client Component SSR]
    ./src/widgets/Header/Header.jsx [Server Component]
    ./src/app/page.js [Server Component]

  #3 [Client Component Browser]:
    ./src/shared/uiKit/ButtonTool/ButtonTool.jsx [Client Component Browser]
    ./src/shared/uiKit/Dialog/Dialog.jsx [Client Component Browser]
    ./src/games/dotByDot/ui/Playground.jsx [Client Component Browser]
    ./src/games/dotByDot/index.ts [Client Component Browser]
    ./src/app/store/index.js [Client Component Browser]
    ./src/shared/providers/store/index.js [Client Component Browser]
    ./src/shared/providers/store/index.js [Server Component]
    ./src/shared/providers/providers.jsx [Server Component]
    ./src/app/layout.js [Server Component]

  #4 [Client Component SSR]:
    ./src/shared/uiKit/ButtonTool/ButtonTool.jsx [Client Component SSR]
    ./src/shared/uiKit/Dialog/Dialog.jsx [Client Component SSR]
    ./src/games/dotByDot/ui/Playground.jsx [Client Component SSR]
    ./src/games/dotByDot/index.ts [Client Component SSR]
    ./src/app/store/index.js [Client Component SSR]
    ./src/shared/providers/store/index.js [Client Component SSR]
    ./src/shared/providers/store/index.js [Server Component]
    ./src/shared/providers/providers.jsx [Server Component]
    ./src/app/layout.js [Server Component] @ http://localhost:3000/_next/static/chunks/node_modules_next_dist_0u_w_5s._.js:1945
[  363041ms] [LOG] [Fast Refresh] rebuilding @ http://localhost:3000/_next/static/chunks/node_modules_next_dist_0u_w_5s._.js:1226
