[     202ms] [LOG] [Fast Refresh] rebuilding @ http://localhost:3000/_next/static/chunks/node_modules_next_dist_115brz8._.js:2431
[    3175ms] [WARNING] [Fast Refresh] performing full reload because your application had an unrecoverable error @ http://localhost:3000/_next/static/chunks/node_modules_next_dist_115brz8._.js:2431
[    3189ms] [LOG] [Fast Refresh] done in 3068ms @ http://localhost:3000/_next/static/chunks/node_modules_next_dist_115brz8._.js:2431
[    4660ms] [INFO] %cDownload the React DevTools for a better development experience: https://react.dev/link/react-devtools font-weight:bold @ http://localhost:3000/_next/static/chunks/node_modules_next_dist_115brz8._.js:2431
[    4886ms] [LOG] [HMR] connected @ http://localhost:3000/_next/static/chunks/node_modules_next_dist_115brz8._.js:2431
[    5507ms] [WARNING] Image with src "/img-povelitel-muh-cover.jpg" was detected as the Largest Contentful Paint (LCP). Please add the `loading="eager"` property if this image is above the fold.
Read more: https://nextjs.org/docs/app/api-reference/components/image#loading @ http://localhost:3000/_next/static/chunks/node_modules_next_dist_115brz8._.js:2431
[    6148ms] [LOG] [Fast Refresh] rebuilding @ http://localhost:3000/_next/static/chunks/node_modules_next_dist_115brz8._.js:2431
[    6160ms] [LOG] [Fast Refresh] done in 113ms @ http://localhost:3000/_next/static/chunks/node_modules_next_dist_115brz8._.js:2431
[   50208ms] [LOG] click @ http://localhost:3000/_next/static/chunks/node_modules_next_dist_115brz8._.js:2431
[   67219ms] [LOG] [Fast Refresh] rebuilding @ http://localhost:3000/_next/static/chunks/node_modules_next_dist_115brz8._.js:2431
[   67256ms] [LOG] [Fast Refresh] done in 137ms @ http://localhost:3000/_next/static/chunks/node_modules_next_dist_115brz8._.js:2431
[   69433ms] [LOG] [Fast Refresh] rebuilding @ http://localhost:3000/_next/static/chunks/node_modules_next_dist_115brz8._.js:2431
[   69770ms] [LOG] [Fast Refresh] done in 437ms @ http://localhost:3000/_next/static/chunks/node_modules_next_dist_115brz8._.js:2431
[  105651ms] [WARNING] Warning: Missing `Description` or `aria-describedby={undefined}` for {DialogContent}. @ http://localhost:3000/_next/static/chunks/node_modules_next_dist_115brz8._.js:2431
[  105659ms] [WARNING] Warning: Missing `Description` or `aria-describedby={undefined}` for {DialogContent}. @ http://localhost:3000/_next/static/chunks/node_modules_next_dist_115brz8._.js:2431
[  108127ms] [WARNING] Warning: Missing `Description` or `aria-describedby={undefined}` for {DialogContent}. @ http://localhost:3000/_next/static/chunks/node_modules_next_dist_115brz8._.js:2431
[  108128ms] [WARNING] Warning: Missing `Description` or `aria-describedby={undefined}` for {DialogContent}. @ http://localhost:3000/_next/static/chunks/node_modules_next_dist_115brz8._.js:2431
[  109776ms] [WARNING] Detected `scroll-behavior: smooth` on the `<html>` element. To disable smooth scrolling during route transitions, add `data-scroll-behavior="smooth"` to your <html> element. Learn more: https://nextjs.org/docs/messages/missing-data-scroll-behavior @ http://localhost:3000/_next/static/chunks/node_modules_next_dist_115brz8._.js:2431
[  109827ms] [LOG] [Fast Refresh] rebuilding @ http://localhost:3000/_next/static/chunks/node_modules_next_dist_115brz8._.js:2431
[  109893ms] [LOG] [Fast Refresh] done in 166ms @ http://localhost:3000/_next/static/chunks/node_modules_next_dist_115brz8._.js:2431
[  236711ms] [LOG] [Fast Refresh] rebuilding @ http://localhost:3000/_next/static/chunks/node_modules_next_dist_115brz8._.js:2431
[  237377ms] [ERROR] ./src/widgets/CourseCard/CourseCard.tsx:18:24
Expected a semicolon
  16 |
  17 |     const card = (
> 18 |             key={course.id}
     |                        ^
  19 |             height="fill"
  20 |             imageSrc={course.image}
  21 |             imageAlt=""

Parsing ecmascript source code failed

Import traces:
  Client Component Browser:
    ./src/widgets/CourseCard/CourseCard.tsx [Client Component Browser]
    ./src/app/page.js [Client Component Browser]
    ./src/app/page.js [Server Component]

  Client Component SSR:
    ./src/widgets/CourseCard/CourseCard.tsx [Client Component SSR]
    ./src/app/page.js [Client Component SSR]
    ./src/app/page.js [Server Component] @ http://localhost:3000/_next/static/chunks/node_modules_next_dist_115brz8._.js:3272
[  237469ms] [ERROR] ./src/widgets/CourseCard/CourseCard.tsx:18:24
Expected a semicolon
  16 |
  17 |     const card = (
> 18 |             key={course.id}
     |                        ^
  19 |             height="fill"
  20 |             imageSrc={course.image}
  21 |             imageAlt=""

Parsing ecmascript source code failed

Import traces:
  Client Component Browser:
    ./src/widgets/CourseCard/CourseCard.tsx [Client Component Browser]
    ./src/app/page.js [Client Component Browser]
    ./src/app/page.js [Server Component]

  Client Component SSR:
    ./src/widgets/CourseCard/CourseCard.tsx [Client Component SSR]
    ./src/app/page.js [Client Component SSR]
    ./src/app/page.js [Server Component] @ http://localhost:3000/_next/static/chunks/node_modules_next_dist_115brz8._.js:3272
[  237574ms] [LOG] [Fast Refresh] rebuilding @ http://localhost:3000/_next/static/chunks/node_modules_next_dist_115brz8._.js:2431
[  237681ms] [LOG] [Fast Refresh] rebuilding @ http://localhost:3000/_next/static/chunks/node_modules_next_dist_115brz8._.js:2431
[  237986ms] [ERROR] ./src/widgets/CourseCard/CourseCard.tsx:18:24
Expected a semicolon
  16 |
  17 |     const card = (
> 18 |             key={course.id}
     |                        ^
  19 |             height="fill"
  20 |             imageSrc={course.image}
  21 |             imageAlt=""

Parsing ecmascript source code failed

Import traces:
  Client Component Browser:
    ./src/widgets/CourseCard/CourseCard.tsx [Client Component Browser]
    ./src/app/page.js [Client Component Browser]
    ./src/app/page.js [Server Component]

  Client Component SSR:
    ./src/widgets/CourseCard/CourseCard.tsx [Client Component SSR]
    ./src/app/page.js [Client Component SSR]
    ./src/app/page.js [Server Component] @ http://localhost:3000/_next/static/chunks/node_modules_next_dist_115brz8._.js:3272
[  240684ms] [LOG] [Fast Refresh] rebuilding @ http://localhost:3000/_next/static/chunks/node_modules_next_dist_115brz8._.js:2431
[  241547ms] [ERROR] ./src/widgets/CourseCard/CourseCard.tsx:18:24
Expected a semicolon
  16 |
  17 |     const card = (
> 18 |             key={course.id}
     |                        ^
  19 |             height="fill"
  20 |             imageSrc={course.image}
  21 |             imageAlt=""

Parsing ecmascript source code failed

Import trace:
  Server Component:
    ./src/widgets/CourseCard/CourseCard.tsx
    ./src/app/page.js @ http://localhost:3000/_next/static/chunks/node_modules_next_dist_115brz8._.js:3272
[  241659ms] [ERROR] ./src/widgets/CourseCard/CourseCard.tsx:18:24
Expected a semicolon
  16 |
  17 |     const card = (
> 18 |             key={course.id}
     |                        ^
  19 |             height="fill"
  20 |             imageSrc={course.image}
  21 |             imageAlt=""

Parsing ecmascript source code failed

Import trace:
  Server Component:
    ./src/widgets/CourseCard/CourseCard.tsx
    ./src/app/page.js @ http://localhost:3000/_next/static/chunks/node_modules_next_dist_115brz8._.js:3272
[  241761ms] [LOG] [Fast Refresh] rebuilding @ http://localhost:3000/_next/static/chunks/node_modules_next_dist_115brz8._.js:2431
[  243186ms] [ERROR] ./src/widgets/CourseCard/CourseCard.tsx:18:24
Expected a semicolon
  16 |
  17 |     const card = (
> 18 |             key={course.id}
     |                        ^
  19 |             height="fill"
  20 |             imageSrc={course.image}
  21 |             imageAlt=""

Parsing ecmascript source code failed

Import trace:
  Server Component:
    ./src/widgets/CourseCard/CourseCard.tsx
    ./src/app/page.js @ http://localhost:3000/_next/static/chunks/node_modules_next_dist_115brz8._.js:3272
[  243199ms] [ERROR] ./src/widgets/CourseCard/CourseCard.tsx:18:24
Expected a semicolon
  16 |
  17 |     const card = (
> 18 |             key={course.id}
     |                        ^
  19 |             height="fill"
  20 |             imageSrc={course.image}
  21 |             imageAlt=""

Parsing ecmascript source code failed

Import trace:
  Server Component:
    ./src/widgets/CourseCard/CourseCard.tsx
    ./src/app/page.js @ http://localhost:3000/_next/static/chunks/node_modules_next_dist_115brz8._.js:3272
[  243288ms] [LOG] [Fast Refresh] rebuilding @ http://localhost:3000/_next/static/chunks/node_modules_next_dist_115brz8._.js:2431
[  243438ms] [LOG] [Fast Refresh] rebuilding @ http://localhost:3000/_next/static/chunks/node_modules_next_dist_115brz8._.js:2431
[  243466ms] [ERROR] ./src/widgets/CourseCard/CourseCard.tsx:18:24
Expected a semicolon
  16 |
  17 |     const card = (
> 18 |             key={course.id}
     |                        ^
  19 |             height="fill"
  20 |             imageSrc={course.image}
  21 |             imageAlt=""

Parsing ecmascript source code failed

Import trace:
  Server Component:
    ./src/widgets/CourseCard/CourseCard.tsx
    ./src/app/page.js @ http://localhost:3000/_next/static/chunks/node_modules_next_dist_115brz8._.js:3272
[  243539ms] [ERROR] ./src/widgets/CourseCard/CourseCard.tsx:18:24
Expected a semicolon
  16 |
  17 |     const card = (
> 18 |             key={course.id}
     |                        ^
  19 |             height="fill"
  20 |             imageSrc={course.image}
  21 |             imageAlt=""

Parsing ecmascript source code failed

Import trace:
  Server Component:
    ./src/widgets/CourseCard/CourseCard.tsx
    ./src/app/page.js @ http://localhost:3000/_next/static/chunks/node_modules_next_dist_115brz8._.js:3272
[  243597ms] [ERROR] ./src/widgets/CourseCard/CourseCard.tsx:18:24
Expected a semicolon
  16 |
  17 |     const card = (
> 18 |             key={course.id}
     |                        ^
  19 |             height="fill"
  20 |             imageSrc={course.image}
  21 |             imageAlt=""

Parsing ecmascript source code failed

Import trace:
  Server Component:
    ./src/widgets/CourseCard/CourseCard.tsx
    ./src/app/page.js @ http://localhost:3000/_next/static/chunks/node_modules_next_dist_115brz8._.js:3272
[  243642ms] [LOG] [Fast Refresh] rebuilding @ http://localhost:3000/_next/static/chunks/node_modules_next_dist_115brz8._.js:2431
[  243802ms] [ERROR] ./src/widgets/CourseCard/CourseCard.tsx:18:24
Expected a semicolon
  16 |
  17 |     const card = (
> 18 |             key={course.id}
     |                        ^
  19 |             height="fill"
  20 |             imageSrc={course.image}
  21 |             imageAlt=""

Parsing ecmascript source code failed

Import trace:
  Server Component:
    ./src/widgets/CourseCard/CourseCard.tsx
    ./src/app/page.js @ http://localhost:3000/_next/static/chunks/node_modules_next_dist_115brz8._.js:3272
[  243895ms] [LOG] [Fast Refresh] rebuilding @ http://localhost:3000/_next/static/chunks/node_modules_next_dist_115brz8._.js:2431
[  244006ms] [ERROR] ./src/widgets/CourseCard/CourseCard.tsx:18:24
Expected a semicolon
  16 |
  17 |     const card = (
> 18 |             key={course.id}
     |                        ^
  19 |             height="fill"
  20 |             imageSrc={course.image}
  21 |             imageAlt=""

Parsing ecmascript source code failed

Import trace:
  Server Component:
    ./src/widgets/CourseCard/CourseCard.tsx
    ./src/app/page.js @ http://localhost:3000/_next/static/chunks/node_modules_next_dist_115brz8._.js:3272
[  244113ms] [LOG] [Fast Refresh] rebuilding @ http://localhost:3000/_next/static/chunks/node_modules_next_dist_115brz8._.js:2431
[  244252ms] [ERROR] ./src/widgets/CourseCard/CourseCard.tsx:18:24
Expected a semicolon
  16 |
  17 |     const card = (
> 18 |             key={course.id}
     |                        ^
  19 |             height="fill"
  20 |             imageSrc={course.image}
  21 |             imageAlt=""

Parsing ecmascript source code failed

Import trace:
  Server Component:
    ./src/widgets/CourseCard/CourseCard.tsx
    ./src/app/page.js @ http://localhost:3000/_next/static/chunks/node_modules_next_dist_115brz8._.js:3272
[  244369ms] [LOG] [Fast Refresh] rebuilding @ http://localhost:3000/_next/static/chunks/node_modules_next_dist_115brz8._.js:2431
[  244447ms] [ERROR] ./src/widgets/CourseCard/CourseCard.tsx:18:24
Expected a semicolon
  16 |
  17 |     const card = (
> 18 |             key={course.id}
     |                        ^
  19 |             height="fill"
  20 |             imageSrc={course.image}
  21 |             imageAlt=""

Parsing ecmascript source code failed

Import trace:
  Server Component:
    ./src/widgets/CourseCard/CourseCard.tsx
    ./src/app/page.js @ http://localhost:3000/_next/static/chunks/node_modules_next_dist_115brz8._.js:3272
[  244980ms] [ERROR] ./src/widgets/CourseCard/CourseCard.tsx:18:24
Expected a semicolon
  16 |
  17 |     const card = (
> 18 |             key={course.id}
     |                        ^
  19 |             height="fill"
  20 |             imageSrc={course.image}
  21 |             imageAlt=""

Parsing ecmascript source code failed

Import trace:
  Server Component:
    ./src/widgets/CourseCard/CourseCard.tsx
    ./src/app/page.js @ http://localhost:3000/_next/static/chunks/node_modules_next_dist_115brz8._.js:3272
[  245062ms] [LOG] [Fast Refresh] rebuilding @ http://localhost:3000/_next/static/chunks/node_modules_next_dist_115brz8._.js:2431
[  245841ms] [LOG] [Fast Refresh] rebuilding @ http://localhost:3000/_next/static/chunks/node_modules_next_dist_115brz8._.js:2431
[  245858ms] [ERROR] ./src/widgets/CourseCard/CourseCard.tsx:18:24
Expected a semicolon
  16 |
  17 |     const card = (
> 18 |             key={course.id}
     |                        ^
  19 |             height="fill"
  20 |             imageSrc={course.image}
  21 |             imageAlt=""

Parsing ecmascript source code failed

Import trace:
  Server Component:
    ./src/widgets/CourseCard/CourseCard.tsx
    ./src/app/page.js @ http://localhost:3000/_next/static/chunks/node_modules_next_dist_115brz8._.js:3272
[  245952ms] [ERROR] ./src/widgets/CourseCard/CourseCard.tsx:18:24
Expected a semicolon
  16 |
  17 |     const card = (
> 18 |             key={course.id}
     |                        ^
  19 |             height="fill"
  20 |             imageSrc={course.image}
  21 |             imageAlt=""

Parsing ecmascript source code failed

Import trace:
  Server Component:
    ./src/widgets/CourseCard/CourseCard.tsx
    ./src/app/page.js @ http://localhost:3000/_next/static/chunks/node_modules_next_dist_115brz8._.js:3272
[  245989ms] [LOG] [Fast Refresh] rebuilding @ http://localhost:3000/_next/static/chunks/node_modules_next_dist_115brz8._.js:2431
