[     480ms] [ERROR] ./src/widgets/CourseCard/CourseCard.tsx:18:24
Expected a semicolon
  16 |
  17 |     const card = (
> 18 |             key={course.id}
     |                        ^
  19 |             height="fill"
  20 |             imageSrc={course.image}
  21 |             imageAlt=""

Parsing ecmascript source code failed

Import trace:
  Server Component:
    ./src/widgets/CourseCard/CourseCard.tsx
    ./src/app/page.js @ http://localhost:3000/_next/static/chunks/node_modules_next_dist_115brz8._.js:3272
[     526ms] [ERROR] ./src/widgets/CourseCard/CourseCard.tsx:18:24
Expected a semicolon
  16 |
  17 |     const card = (
> 18 |             key={course.id}
     |                        ^
  19 |             height="fill"
  20 |             imageSrc={course.image}
  21 |             imageAlt=""

Parsing ecmascript source code failed

Import trace:
  Server Component:
    ./src/widgets/CourseCard/CourseCard.tsx
    ./src/app/page.js @ http://localhost:3000/_next/static/chunks/node_modules_next_dist_115brz8._.js:3272
[     599ms] [ERROR] Failed to load resource: the server responded with a status of 500 (Internal Server Error) @ http://localhost:3000/:0
[     702ms] [INFO] %cDownload the React DevTools for a better development experience: https://react.dev/link/react-devtools font-weight:bold @ http://localhost:3000/_next/static/chunks/node_modules_react-dom_0bruynb._.js:13920
[     997ms] Error: ./src/widgets/CourseCard/CourseCard.tsx:18:24
Expected a semicolon
  16 |
  17 |     const card = (
> 18 |             key={course.id}
     |                        ^
  19 |             height="fill"
  20 |             imageSrc={course.image}
  21 |             imageAlt=""

Parsing ecmascript source code failed

Import trace:
  Server Component:
    ./src/widgets/CourseCard/CourseCard.tsx
    ./src/app/page.js


    at <unknown> (Error: ./src/widgets/CourseCard/CourseCard.tsx:18:24)
    at Object.getCompilationErrors (file:///Users/ilmirsultanov/Projects/kidstartclub/front/node_modules/next/dist/server/dev/hot-reloader-turbopack.js:1186:59)
    at DevBundlerService.getCompilationError (file:///Users/ilmirsultanov/Projects/kidstartclub/front/node_modules/next/dist/server/lib/dev-bundler-service.js:44:55)
    at DevServer.getCompilationError (file:///Users/ilmirsultanov/Projects/kidstartclub/front/node_modules/next/dist/server/dev/next-dev-server.js:719:42)
    at DevServer.findPageComponents (file:///Users/ilmirsultanov/Projects/kidstartclub/front/node_modules/next/dist/server/dev/next-dev-server.js:689:43)
    at async DevServer.renderErrorToResponseImpl (file:///Users/ilmirsultanov/Projects/kidstartclub/front/node_modules/next/dist/server/base-server.js:1745:26)
[     749ms] [LOG] [HMR] connected @ http://localhost:3000/_next/static/chunks/node_modules_next_dist_0u_w_5s._.js:1226
[     761ms] [ERROR] ./src/widgets/CourseCard/CourseCard.tsx:18:24
Expected a semicolon
  16 |
  17 |     const card = (
> 18 |             key={course.id}
     |                        ^
  19 |             height="fill"
  20 |             imageSrc={course.image}
  21 |             imageAlt=""

Parsing ecmascript source code failed

Import trace:
  Server Component:
    ./src/widgets/CourseCard/CourseCard.tsx
    ./src/app/page.js @ http://localhost:3000/_next/static/chunks/node_modules_next_dist_0u_w_5s._.js:1945
[     761ms] [ERROR] ./src/widgets/CourseCard/CourseCard.tsx:18:24
Expected a semicolon
  16 |
  17 |     const card = (
> 18 |             key={course.id}
     |                        ^
  19 |             height="fill"
  20 |             imageSrc={course.image}
  21 |             imageAlt=""

Parsing ecmascript source code failed

Import traces:
  Client Component Browser:
    ./src/widgets/CourseCard/CourseCard.tsx [Client Component Browser]
    ./src/app/book-club/@modal/(.)[id]/LessonModal.jsx [Client Component Browser]
    ./src/app/book-club/@modal/(.)[id]/LessonModal.jsx [Server Component]
    ./src/app/book-club/@modal/(.)[id]/page.js [Server Component]

  Client Component SSR:
    ./src/widgets/CourseCard/CourseCard.tsx [Client Component SSR]
    ./src/app/book-club/@modal/(.)[id]/LessonModal.jsx [Client Component SSR]
    ./src/app/book-club/@modal/(.)[id]/LessonModal.jsx [Server Component]
    ./src/app/book-club/@modal/(.)[id]/page.js [Server Component] @ http://localhost:3000/_next/static/chunks/node_modules_next_dist_0u_w_5s._.js:1945
[     904ms] [LOG] [Fast Refresh] rebuilding @ http://localhost:3000/_next/static/chunks/node_modules_next_dist_0u_w_5s._.js:1226
[    1027ms] [ERROR] ./src/widgets/CourseCard/CourseCard.tsx:18:24
Expected a semicolon
  16 |
  17 |     const card = (
> 18 |             key={course.id}
     |                        ^
  19 |             height="fill"
  20 |             imageSrc={course.image}
  21 |             imageAlt=""

Parsing ecmascript source code failed

Import trace:
  Server Component:
    ./src/widgets/CourseCard/CourseCard.tsx
    ./src/app/page.js @ http://localhost:3000/_next/static/chunks/node_modules_next_dist_0u_w_5s._.js:1945
